Using pre-set license
Built from '2021.3/staging' branch; Version is '2021.3.1f1 (3b70a0754835) revision 3895456'; Using compiler version '192829333'; Build Type 'Release'
OS: 'Windows 10  (10.0.19045) 64bit Professional' Language: 'tr' Physical Memory: 7872 MB
BatchMode: 1, IsHumanControllingUs: 0, StartBugReporterOnCrash: 0, Is64bit: 1, IsPro: 1

COMMAND LINE ARGUMENTS:
C:\Program Files\Unity\Hub\Editor\2021.3.1f1\Editor\Unity.exe
-adb2
-batchMode
-noUpm
-name
AssetImportWorker11
-projectPath
C:/Users/Fen Lisesi/Desktop/KOC STAJ/YİLDİZ
-logFile
Logs/AssetImportWorker11.log
-srvPort
64210
Successfully changed project path to: C:/Users/Fen Lisesi/Desktop/KOC STAJ/YİLDİZ
C:/Users/Fen Lisesi/Desktop/KOC STAJ/YİLDİZ
[UnityMemory] Configuration Parameters - Can be set up in boot.config
    "memorysetup-bucket-allocator-granularity=16"
    "memorysetup-bucket-allocator-bucket-count=8"
    "memorysetup-bucket-allocator-block-size=33554432"
    "memorysetup-bucket-allocator-block-count=8"
    "memorysetup-main-allocator-block-size=16777216"
    "memorysetup-thread-allocator-block-size=16777216"
    "memorysetup-gfx-main-allocator-block-size=16777216"
    "memorysetup-gfx-thread-allocator-block-size=16777216"
    "memorysetup-cache-allocator-block-size=4194304"
    "memorysetup-typetree-allocator-block-size=2097152"
    "memorysetup-profiler-bucket-allocator-granularity=16"
    "memorysetup-profiler-bucket-allocator-bucket-count=8"
    "memorysetup-profiler-bucket-allocator-block-size=33554432"
    "memorysetup-profiler-bucket-allocator-block-count=8"
    "memorysetup-profiler-allocator-block-size=16777216"
    "memorysetup-profiler-editor-allocator-block-size=1048576"
    "memorysetup-temp-allocator-size-main=16777216"
    "memorysetup-job-temp-allocator-block-size=2097152"
    "memorysetup-job-temp-allocator-block-size-background=1048576"
    "memorysetup-job-temp-allocator-reduction-small-platforms=262144"
    "memorysetup-temp-allocator-size-background-worker=32768"
    "memorysetup-temp-allocator-size-job-worker=262144"
    "memorysetup-temp-allocator-size-preload-manager=33554432"
    "memorysetup-temp-allocator-size-nav-mesh-worker=65536"
    "memorysetup-temp-allocator-size-audio-worker=65536"
    "memorysetup-temp-allocator-size-cloud-worker=32768"
    "memorysetup-temp-allocator-size-gi-baking-worker=262144"
    "memorysetup-temp-allocator-size-gfx=262144"
Refreshing native plugins compatible for Editor in 565.50 ms, found 9 plugins.
Preloading 0 native plugins for Editor in 0.00 ms.
Initialize engine version: 2021.3.1f1 (3b70a0754835)
[Subsystems] Discovering subsystems at path C:/Program Files/Unity/Hub/Editor/2021.3.1f1/Editor/Data/Resources/UnitySubsystems
[Subsystems] Discovering subsystems at path C:/Users/Fen Lisesi/Desktop/KOC STAJ/YİLDİZ/Assets
GfxDevice: creating device client; threaded=0; jobified=0
Direct3D:
    Version:  Direct3D 11.0 [level 11.1]
    Renderer: Intel(R) Iris(R) Xe Graphics (ID=0x9a49)
    Vendor:   Intel
    VRAM:     3936 MB
    Driver:   31.0.101.4032
Initialize mono
Mono path[0] = 'C:/Program Files/Unity/Hub/Editor/2021.3.1f1/Editor/Data/Managed'
Mono path[1] = 'C:/Program Files/Unity/Hub/Editor/2021.3.1f1/Editor/Data/MonoBleedingEdge/lib/mono/unityjit-win32'
Mono config path = 'C:/Program Files/Unity/Hub/Editor/2021.3.1f1/Editor/Data/MonoBleedingEdge/etc'
Using monoOptions --debugger-agent=transport=dt_socket,embedding=1,server=y,suspend=n,address=127.0.0.1:56024
Begin MonoManager ReloadAssembly
Registering precompiled unity dll's ...
Register platform support module: C:/Program Files/Unity/Hub/Editor/2021.3.1f1/Editor/Data/PlaybackEngines/AndroidPlayer/UnityEditor.Android.Extensions.dll
Register platform support module: C:/Program Files/Unity/Hub/Editor/2021.3.1f1/Editor/Data/PlaybackEngines/WindowsStandaloneSupport/UnityEditor.WindowsStandalone.Extensions.dll
Registered in 0.046772 seconds.
Native extension for WindowsStandalone target not found
Native extension for Android target not found
Refreshing native plugins compatible for Editor in 486.62 ms, found 9 plugins.
Preloading 0 native plugins for Editor in 0.00 ms.
Mono: successfully reloaded assembly
- Completed reload, in  3.378 seconds
Domain Reload Profiling:
	ReloadAssembly (3380ms)
		BeginReloadAssembly (306ms)
			ExecutionOrderSort (0ms)
			DisableScriptedObjects (0ms)
			BackupInstance (0ms)
			ReleaseScriptingObjects (0ms)
			CreateAndSetChildDomain (4ms)
		EndReloadAssembly (2403ms)
			LoadAssemblies (297ms)
			RebuildTransferFunctionScriptingTraits (0ms)
			SetupTypeCache (516ms)
			ReleaseScriptCaches (0ms)
			RebuildScriptCaches (129ms)
			SetupLoadedEditorAssemblies (1511ms)
				LogAssemblyErrors (0ms)
				InitializePlatformSupportModulesInManaged (273ms)
				SetLoadedEditorAssemblies (2ms)
				RefreshPlugins (487ms)
				BeforeProcessingInitializeOnLoad (5ms)
				ProcessInitializeOnLoadAttributes (531ms)
				ProcessInitializeOnLoadMethodAttributes (212ms)
				AfterProcessingInitializeOnLoad (0ms)
				EditorAssembliesLoaded (1ms)
			ExecutionOrderSort2 (0ms)
			AwakeInstancesAfterBackupRestoration (0ms)
Platform modules already initialized, skipping
Registering precompiled user dll's ...
Registered in 0.027488 seconds.
Begin MonoManager ReloadAssembly
Symbol file LoadedFromMemory doesn't match image C:\Users\Fen Lisesi\Desktop\KOC STAJ\YİLDİZ\Library\PackageCache\com.unity.visualscripting@1.7.6\Editor\VisualScripting.Core\Dependencies\DotNetZip\Unity.VisualScripting.IonicZip.dll
Symbol file LoadedFromMemory doesn't match image C:\Users\Fen Lisesi\Desktop\KOC STAJ\YİLDİZ\Library\PackageCache\com.unity.visualscripting@1.7.6\Editor\VisualScripting.Core\Dependencies\YamlDotNet\Unity.VisualScripting.YamlDotNet.dll
Symbol file LoadedFromMemory is not a mono symbol file
Native extension for WindowsStandalone target not found
Native extension for Android target not found
Refreshing native plugins compatible for Editor in 464.52 ms, found 9 plugins.
Preloading 0 native plugins for Editor in 0.00 ms.
Package Manager log level set to [2]
Mono: successfully reloaded assembly
- Completed reload, in  5.965 seconds
Domain Reload Profiling:
	ReloadAssembly (5970ms)
		BeginReloadAssembly (604ms)
			ExecutionOrderSort (0ms)
			DisableScriptedObjects (30ms)
			BackupInstance (0ms)
			ReleaseScriptingObjects (0ms)
			CreateAndSetChildDomain (179ms)
		EndReloadAssembly (4749ms)
			LoadAssemblies (415ms)
			RebuildTransferFunctionScriptingTraits (0ms)
			SetupTypeCache (1511ms)
			ReleaseScriptCaches (3ms)
			RebuildScriptCaches (285ms)
			SetupLoadedEditorAssemblies (2343ms)
				LogAssemblyErrors (0ms)
				InitializePlatformSupportModulesInManaged (56ms)
				SetLoadedEditorAssemblies (1ms)
				RefreshPlugins (465ms)
				BeforeProcessingInitializeOnLoad (505ms)
				ProcessInitializeOnLoadAttributes (1183ms)
				ProcessInitializeOnLoadMethodAttributes (102ms)
				AfterProcessingInitializeOnLoad (30ms)
				EditorAssembliesLoaded (1ms)
			ExecutionOrderSort2 (0ms)
			AwakeInstancesAfterBackupRestoration (24ms)
Platform modules already initialized, skipping
========================================================================
Worker process is ready to serve import requests
Launched and connected shader compiler UnityShaderCompiler.exe after 0.16 seconds
Refreshing native plugins compatible for Editor in 3.37 ms, found 9 plugins.
Preloading 0 native plugins for Editor in 0.00 ms.
Unloading 4382 Unused Serialized files (Serialized files now loaded: 0)
Unloading 47 unused Assets / (161.3 KB). Loaded Objects now: 4826.
Memory consumption went from 151.2 MB to 151.1 MB.
Total: 10.550200 ms (FindLiveObjects: 0.650200 ms CreateObjectMapping: 0.583900 ms MarkObjects: 8.721500 ms  DeleteObjects: 0.592400 ms)

AssetImportParameters requested are different than current active one (requested -> active):
  custom:video-decoder-ogg-theora: a1e56fd34408186e4bbccfd4996cb3dc -> 
  custom:container-muxer-webm: aa71ff27fc2769a1b78a27578f13a17b -> 
  custom:container-demuxer-webm: 4f35f7cbe854078d1ac9338744f61a02 -> 
  custom:video-encoder-webm-vp8: eb34c28f22e8b96e1ab97ce403110664 -> 
  custom:audio-encoder-webm-vorbis: bf7c407c2cedff20999df2af8eb42d56 -> 
  custom:framework-win-MediaFoundation: 216162199b28c13a410421893ffa2e32 -> 
  custom:container-demuxer-ogg: 62fdf1f143b41e24485cea50d1cbac27 -> 
  custom:video-decoder-webm-vp8: 9c59270c3fd7afecdb556c50c9e8de78 -> 
  custom:audio-decoder-ogg-vorbis: bf7c407c2cedff20999df2af8eb42d56 -> 
========================================================================
Received Import Request.
  Time since last request: 2883.388169 seconds.
  path: Assets/Jewel Pack/Prefabs/Gems - Red/gem_15.prefab
  artifactKey: Guid(12363f225923640f0b3aa92406c6a1a7) Importer(815301076,1909f56bfc062723c751e8b465ee728b)
Start importing Assets/Jewel Pack/Prefabs/Gems - Red/gem_15.prefab using Guid(12363f225923640f0b3aa92406c6a1a7) Importer(815301076,1909f56bfc062723c751e8b465ee728b)  -> (artifact id: '89bcf5f6f20559bd8b2e6da44cea16d3') in 0.635488 seconds 
========================================================================
Received Import Request.
  Time since last request: 0.000049 seconds.
  path: Assets/Jewel Pack/Prefabs/Gems - Red/gem_17.prefab
  artifactKey: Guid(381c30b6d7bd64ac198546e129599840) Importer(815301076,1909f56bfc062723c751e8b465ee728b)
Start importing Assets/Jewel Pack/Prefabs/Gems - Red/gem_17.prefab using Guid(381c30b6d7bd64ac198546e129599840) Importer(815301076,1909f56bfc062723c751e8b465ee728b)  -> (artifact id: 'a295cb19fb8bf6d4b89a9c8aed379195') in 0.136790 seconds 
========================================================================
Received Import Request.
  Time since last request: 0.000136 seconds.
  path: Assets/Jewel Pack/Prefabs/Gems - Red/gem_04.prefab
  artifactKey: Guid(f903330e61736465381ea3a8cebaaa25) Importer(815301076,1909f56bfc062723c751e8b465ee728b)
Start importing Assets/Jewel Pack/Prefabs/Gems - Red/gem_04.prefab using Guid(f903330e61736465381ea3a8cebaaa25) Importer(815301076,1909f56bfc062723c751e8b465ee728b)  -> (artifact id: 'ac8ab57e7ad47b1ef6d45f6267d16e66') in 0.173979 seconds 
========================================================================
Received Import Request.
  Time since last request: 0.000063 seconds.
  path: Assets/Jewel Pack/Prefabs/Gems - Red/gem_12.prefab
  artifactKey: Guid(7b1074fc17636495ab9525934fd57e9c) Importer(815301076,1909f56bfc062723c751e8b465ee728b)
Start importing Assets/Jewel Pack/Prefabs/Gems - Red/gem_12.prefab using Guid(7b1074fc17636495ab9525934fd57e9c) Importer(815301076,1909f56bfc062723c751e8b465ee728b)  -> (artifact id: 'a7b77c2b097dd04f7037c9b00653fd0a') in 0.163715 seconds 
========================================================================
Received Import Request.
  Time since last request: 0.000065 seconds.
  path: Assets/Jewel Pack/Prefabs/Gems - Red/gem_13.prefab
  artifactKey: Guid(dcb8280982264441ea5cb8010109c9d9) Importer(815301076,1909f56bfc062723c751e8b465ee728b)
Start importing Assets/Jewel Pack/Prefabs/Gems - Red/gem_13.prefab using Guid(dcb8280982264441ea5cb8010109c9d9) Importer(815301076,1909f56bfc062723c751e8b465ee728b)  -> (artifact id: '1e4a46fdb89923c857e8fce86ff6688f') in 0.183079 seconds 
========================================================================
Received Import Request.
  Time since last request: 0.000043 seconds.
  path: Assets/Jewel Pack/Prefabs/Gems - Red/gem_05.prefab
  artifactKey: Guid(86854b4af1632486587f7309187a3798) Importer(815301076,1909f56bfc062723c751e8b465ee728b)
Start importing Assets/Jewel Pack/Prefabs/Gems - Red/gem_05.prefab using Guid(86854b4af1632486587f7309187a3798) Importer(815301076,1909f56bfc062723c751e8b465ee728b)  -> (artifact id: '44105a46784eb42ab8473e147b9e6872') in 0.185039 seconds 
========================================================================
Received Import Request.
  Time since last request: 0.000064 seconds.
  path: Assets/Jewel Pack/Prefabs/Gems - Red/gem_16.prefab
  artifactKey: Guid(3a6cd70afe3994b029620c71204033a4) Importer(815301076,1909f56bfc062723c751e8b465ee728b)
Start importing Assets/Jewel Pack/Prefabs/Gems - Red/gem_16.prefab using Guid(3a6cd70afe3994b029620c71204033a4) Importer(815301076,1909f56bfc062723c751e8b465ee728b)  -> (artifact id: 'cea216c4b485dc8bd6bce5fd05b7c65d') in 0.220042 seconds 
========================================================================
Received Import Request.
  Time since last request: 0.000107 seconds.
  path: Assets/Jewel Pack/Prefabs/Gems - Red/gem_03.prefab
  artifactKey: Guid(715a2cd91c2bf4451a7115ba41e3e0b8) Importer(815301076,1909f56bfc062723c751e8b465ee728b)
Start importing Assets/Jewel Pack/Prefabs/Gems - Red/gem_03.prefab using Guid(715a2cd91c2bf4451a7115ba41e3e0b8) Importer(815301076,1909f56bfc062723c751e8b465ee728b)  -> (artifact id: 'c7cd2a665c011d8c68d2453c2cf1ca73') in 0.357105 seconds 
========================================================================
Received Import Request.
  Time since last request: 0.000070 seconds.
  path: Assets/Jewel Pack/Prefabs/Gems - Red/gem_07.prefab
  artifactKey: Guid(1f2c2dd13a1b84ffca1b1123143ef366) Importer(815301076,1909f56bfc062723c751e8b465ee728b)
Start importing Assets/Jewel Pack/Prefabs/Gems - Red/gem_07.prefab using Guid(1f2c2dd13a1b84ffca1b1123143ef366) Importer(815301076,1909f56bfc062723c751e8b465ee728b)  -> (artifact id: 'cafdda96aac60581d3772ec2d5495423') in 0.194938 seconds 
========================================================================
Received Prepare
Registering precompiled user dll's ...
Registered in 0.026366 seconds.
Begin MonoManager ReloadAssembly
Symbol file LoadedFromMemory doesn't match image C:\Users\Fen Lisesi\Desktop\KOC STAJ\YİLDİZ\Library\PackageCache\com.unity.visualscripting@1.7.6\Editor\VisualScripting.Core\Dependencies\DotNetZip\Unity.VisualScripting.IonicZip.dll
Symbol file LoadedFromMemory doesn't match image C:\Users\Fen Lisesi\Desktop\KOC STAJ\YİLDİZ\Library\PackageCache\com.unity.visualscripting@1.7.6\Editor\VisualScripting.Core\Dependencies\YamlDotNet\Unity.VisualScripting.YamlDotNet.dll
Symbol file LoadedFromMemory is not a mono symbol file
Native extension for WindowsStandalone target not found
Native extension for Android target not found
Refreshing native plugins compatible for Editor in 3.66 ms, found 9 plugins.
Preloading 0 native plugins for Editor in 0.00 ms.
Mono: successfully reloaded assembly
- Completed reload, in  4.698 seconds
Domain Reload Profiling:
	ReloadAssembly (4701ms)
		BeginReloadAssembly (552ms)
			ExecutionOrderSort (0ms)
			DisableScriptedObjects (29ms)
			BackupInstance (0ms)
			ReleaseScriptingObjects (0ms)
			CreateAndSetChildDomain (136ms)
		EndReloadAssembly (3706ms)
			LoadAssemblies (421ms)
			RebuildTransferFunctionScriptingTraits (0ms)
			SetupTypeCache (1294ms)
			ReleaseScriptCaches (6ms)
			RebuildScriptCaches (172ms)
			SetupLoadedEditorAssemblies (1647ms)
				LogAssemblyErrors (0ms)
				InitializePlatformSupportModulesInManaged (97ms)
				SetLoadedEditorAssemblies (2ms)
				RefreshPlugins (4ms)
				BeforeProcessingInitializeOnLoad (403ms)
				ProcessInitializeOnLoadAttributes (1016ms)
				ProcessInitializeOnLoadMethodAttributes (95ms)
				AfterProcessingInitializeOnLoad (28ms)
				EditorAssembliesLoaded (1ms)
			ExecutionOrderSort2 (0ms)
			AwakeInstancesAfterBackupRestoration (19ms)
Platform modules already initialized, skipping
Refreshing native plugins compatible for Editor in 20.13 ms, found 9 plugins.
Preloading 0 native plugins for Editor in 0.00 ms.
Unloading 4362 Unused Serialized files (Serialized files now loaded: 0)
Unloading 37 unused Assets / (128.2 KB). Loaded Objects now: 4837.
Memory consumption went from 155.0 MB to 154.9 MB.
Total: 10.878100 ms (FindLiveObjects: 0.716000 ms CreateObjectMapping: 0.410700 ms MarkObjects: 9.294900 ms  DeleteObjects: 0.453200 ms)

AssetImportParameters requested are different than current active one (requested -> active):
  custom:video-decoder-ogg-theora: a1e56fd34408186e4bbccfd4996cb3dc -> 
  custom:container-muxer-webm: aa71ff27fc2769a1b78a27578f13a17b -> 
  custom:container-demuxer-webm: 4f35f7cbe854078d1ac9338744f61a02 -> 
  custom:video-encoder-webm-vp8: eb34c28f22e8b96e1ab97ce403110664 -> 
  custom:audio-encoder-webm-vorbis: bf7c407c2cedff20999df2af8eb42d56 -> 
  custom:framework-win-MediaFoundation: 216162199b28c13a410421893ffa2e32 -> 
  custom:container-demuxer-ogg: 62fdf1f143b41e24485cea50d1cbac27 -> 
  custom:video-decoder-webm-vp8: 9c59270c3fd7afecdb556c50c9e8de78 -> 
  custom:audio-decoder-ogg-vorbis: bf7c407c2cedff20999df2af8eb42d56 -> 
========================================================================
Received Prepare
Registering precompiled user dll's ...
Registered in 0.016511 seconds.
Begin MonoManager ReloadAssembly
Symbol file LoadedFromMemory doesn't match image C:\Users\Fen Lisesi\Desktop\KOC STAJ\YİLDİZ\Library\PackageCache\com.unity.visualscripting@1.7.6\Editor\VisualScripting.Core\Dependencies\DotNetZip\Unity.VisualScripting.IonicZip.dll
Symbol file LoadedFromMemory doesn't match image C:\Users\Fen Lisesi\Desktop\KOC STAJ\YİLDİZ\Library\PackageCache\com.unity.visualscripting@1.7.6\Editor\VisualScripting.Core\Dependencies\YamlDotNet\Unity.VisualScripting.YamlDotNet.dll
Symbol file LoadedFromMemory is not a mono symbol file
Native extension for WindowsStandalone target not found
Native extension for Android target not found
Refreshing native plugins compatible for Editor in 10.08 ms, found 9 plugins.
Preloading 0 native plugins for Editor in 0.00 ms.
Mono: successfully reloaded assembly
- Completed reload, in 10.915 seconds
Domain Reload Profiling:
	ReloadAssembly (10923ms)
		BeginReloadAssembly (1231ms)
			ExecutionOrderSort (0ms)
			DisableScriptedObjects (74ms)
			BackupInstance (0ms)
			ReleaseScriptingObjects (1ms)
			CreateAndSetChildDomain (331ms)
		EndReloadAssembly (8553ms)
			LoadAssemblies (1037ms)
			RebuildTransferFunctionScriptingTraits (1ms)
			SetupTypeCache (2763ms)
			ReleaseScriptCaches (12ms)
			RebuildScriptCaches (410ms)
			SetupLoadedEditorAssemblies (3903ms)
				LogAssemblyErrors (0ms)
				InitializePlatformSupportModulesInManaged (222ms)
				SetLoadedEditorAssemblies (3ms)
				RefreshPlugins (11ms)
				BeforeProcessingInitializeOnLoad (842ms)
				ProcessInitializeOnLoadAttributes (2482ms)
				ProcessInitializeOnLoadMethodAttributes (276ms)
				AfterProcessingInitializeOnLoad (62ms)
				EditorAssembliesLoaded (5ms)
			ExecutionOrderSort2 (0ms)
			AwakeInstancesAfterBackupRestoration (60ms)
Platform modules already initialized, skipping
Refreshing native plugins compatible for Editor in 14.98 ms, found 9 plugins.
Preloading 0 native plugins for Editor in 0.00 ms.
Unloading 4362 Unused Serialized files (Serialized files now loaded: 0)
Unloading 37 unused Assets / (128.2 KB). Loaded Objects now: 4841.
Memory consumption went from 155.0 MB to 154.9 MB.
Total: 18.633300 ms (FindLiveObjects: 2.090500 ms CreateObjectMapping: 1.135500 ms MarkObjects: 14.945200 ms  DeleteObjects: 0.456900 ms)

AssetImportParameters requested are different than current active one (requested -> active):
  custom:video-decoder-ogg-theora: a1e56fd34408186e4bbccfd4996cb3dc -> 
  custom:container-muxer-webm: aa71ff27fc2769a1b78a27578f13a17b -> 
  custom:container-demuxer-webm: 4f35f7cbe854078d1ac9338744f61a02 -> 
  custom:video-encoder-webm-vp8: eb34c28f22e8b96e1ab97ce403110664 -> 
  custom:audio-encoder-webm-vorbis: bf7c407c2cedff20999df2af8eb42d56 -> 
  custom:framework-win-MediaFoundation: 216162199b28c13a410421893ffa2e32 -> 
  custom:container-demuxer-ogg: 62fdf1f143b41e24485cea50d1cbac27 -> 
  custom:video-decoder-webm-vp8: 9c59270c3fd7afecdb556c50c9e8de78 -> 
  custom:audio-decoder-ogg-vorbis: bf7c407c2cedff20999df2af8eb42d56 -> 
========================================================================
Received Prepare
Refreshing native plugins compatible for Editor in 27.96 ms, found 9 plugins.
Preloading 0 native plugins for Editor in 0.00 ms.
Unloading 37 Unused Serialized files (Serialized files now loaded: 0)
Unloading 37 unused Assets / (125.6 KB). Loaded Objects now: 4841.
Memory consumption went from 68.2 MB to 68.1 MB.
Total: 16.577100 ms (FindLiveObjects: 0.651300 ms CreateObjectMapping: 0.436300 ms MarkObjects: 15.072700 ms  DeleteObjects: 0.414300 ms)

AssetImportParameters requested are different than current active one (requested -> active):
  custom:video-decoder-ogg-theora: a1e56fd34408186e4bbccfd4996cb3dc -> 
  custom:container-muxer-webm: aa71ff27fc2769a1b78a27578f13a17b -> 
  custom:container-demuxer-webm: 4f35f7cbe854078d1ac9338744f61a02 -> 
  custom:video-encoder-webm-vp8: eb34c28f22e8b96e1ab97ce403110664 -> 
  custom:audio-encoder-webm-vorbis: bf7c407c2cedff20999df2af8eb42d56 -> 
  custom:framework-win-MediaFoundation: 216162199b28c13a410421893ffa2e32 -> 
  custom:container-demuxer-ogg: 62fdf1f143b41e24485cea50d1cbac27 -> 
  custom:video-decoder-webm-vp8: 9c59270c3fd7afecdb556c50c9e8de78 -> 
  custom:audio-decoder-ogg-vorbis: bf7c407c2cedff20999df2af8eb42d56 -> 
========================================================================
Received Prepare
Refreshing native plugins compatible for Editor in 23.93 ms, found 9 plugins.
Preloading 0 native plugins for Editor in 0.00 ms.
Unloading 37 Unused Serialized files (Serialized files now loaded: 0)
Unloading 37 unused Assets / (125.6 KB). Loaded Objects now: 4841.
Memory consumption went from 68.2 MB to 68.1 MB.
Total: 9.291500 ms (FindLiveObjects: 1.219500 ms CreateObjectMapping: 0.552900 ms MarkObjects: 7.287400 ms  DeleteObjects: 0.230000 ms)

AssetImportParameters requested are different than current active one (requested -> active):
  custom:video-decoder-ogg-theora: a1e56fd34408186e4bbccfd4996cb3dc -> 
  custom:container-muxer-webm: aa71ff27fc2769a1b78a27578f13a17b -> 
  custom:container-demuxer-webm: 4f35f7cbe854078d1ac9338744f61a02 -> 
  custom:video-encoder-webm-vp8: eb34c28f22e8b96e1ab97ce403110664 -> 
  custom:audio-encoder-webm-vorbis: bf7c407c2cedff20999df2af8eb42d56 -> 
  custom:framework-win-MediaFoundation: 216162199b28c13a410421893ffa2e32 -> 
  custom:container-demuxer-ogg: 62fdf1f143b41e24485cea50d1cbac27 -> 
  custom:video-decoder-webm-vp8: 9c59270c3fd7afecdb556c50c9e8de78 -> 
  custom:audio-decoder-ogg-vorbis: bf7c407c2cedff20999df2af8eb42d56 -> 
========================================================================
Received Prepare
Registering precompiled user dll's ...
Registered in 0.031092 seconds.
Begin MonoManager ReloadAssembly
Symbol file LoadedFromMemory doesn't match image C:\Users\Fen Lisesi\Desktop\KOC STAJ\YİLDİZ\Library\PackageCache\com.unity.visualscripting@1.7.6\Editor\VisualScripting.Core\Dependencies\DotNetZip\Unity.VisualScripting.IonicZip.dll
Symbol file LoadedFromMemory doesn't match image C:\Users\Fen Lisesi\Desktop\KOC STAJ\YİLDİZ\Library\PackageCache\com.unity.visualscripting@1.7.6\Editor\VisualScripting.Core\Dependencies\YamlDotNet\Unity.VisualScripting.YamlDotNet.dll
Symbol file LoadedFromMemory is not a mono symbol file
Native extension for WindowsStandalone target not found
Native extension for Android target not found
Refreshing native plugins compatible for Editor in 3.62 ms, found 9 plugins.
Preloading 0 native plugins for Editor in 0.00 ms.
Mono: successfully reloaded assembly
- Completed reload, in  4.541 seconds
Domain Reload Profiling:
	ReloadAssembly (4544ms)
		BeginReloadAssembly (518ms)
			ExecutionOrderSort (0ms)
			DisableScriptedObjects (20ms)
			BackupInstance (0ms)
			ReleaseScriptingObjects (0ms)
			CreateAndSetChildDomain (152ms)
		EndReloadAssembly (3580ms)
			LoadAssemblies (401ms)
			RebuildTransferFunctionScriptingTraits (0ms)
			SetupTypeCache (1269ms)
			ReleaseScriptCaches (4ms)
			RebuildScriptCaches (161ms)
			SetupLoadedEditorAssemblies (1569ms)
				LogAssemblyErrors (0ms)
				InitializePlatformSupportModulesInManaged (94ms)
				SetLoadedEditorAssemblies (3ms)
				RefreshPlugins (4ms)
				BeforeProcessingInitializeOnLoad (414ms)
				ProcessInitializeOnLoadAttributes (943ms)
				ProcessInitializeOnLoadMethodAttributes (89ms)
				AfterProcessingInitializeOnLoad (21ms)
				EditorAssembliesLoaded (1ms)
			ExecutionOrderSort2 (0ms)
			AwakeInstancesAfterBackupRestoration (25ms)
Platform modules already initialized, skipping
Refreshing native plugins compatible for Editor in 17.01 ms, found 9 plugins.
Preloading 0 native plugins for Editor in 0.00 ms.
Unloading 4362 Unused Serialized files (Serialized files now loaded: 0)
Unloading 37 unused Assets / (128.1 KB). Loaded Objects now: 4845.
Memory consumption went from 155.0 MB to 154.9 MB.
Total: 11.441200 ms (FindLiveObjects: 0.996700 ms CreateObjectMapping: 0.623300 ms MarkObjects: 9.385600 ms  DeleteObjects: 0.431800 ms)

AssetImportParameters requested are different than current active one (requested -> active):
  custom:video-decoder-ogg-theora: a1e56fd34408186e4bbccfd4996cb3dc -> 
  custom:container-muxer-webm: aa71ff27fc2769a1b78a27578f13a17b -> 
  custom:container-demuxer-webm: 4f35f7cbe854078d1ac9338744f61a02 -> 
  custom:video-encoder-webm-vp8: eb34c28f22e8b96e1ab97ce403110664 -> 
  custom:audio-encoder-webm-vorbis: bf7c407c2cedff20999df2af8eb42d56 -> 
  custom:framework-win-MediaFoundation: 216162199b28c13a410421893ffa2e32 -> 
  custom:container-demuxer-ogg: 62fdf1f143b41e24485cea50d1cbac27 -> 
  custom:video-decoder-webm-vp8: 9c59270c3fd7afecdb556c50c9e8de78 -> 
  custom:audio-decoder-ogg-vorbis: bf7c407c2cedff20999df2af8eb42d56 -> 
========================================================================
Received Prepare
Refreshing native plugins compatible for Editor in 32.44 ms, found 9 plugins.
Preloading 0 native plugins for Editor in 0.00 ms.
Unloading 37 Unused Serialized files (Serialized files now loaded: 0)
Unloading 36 unused Assets / (108.8 KB). Loaded Objects now: 4846.
Memory consumption went from 68.2 MB to 68.1 MB.
Total: 22.350900 ms (FindLiveObjects: 0.764700 ms CreateObjectMapping: 0.530200 ms MarkObjects: 20.710500 ms  DeleteObjects: 0.342500 ms)

AssetImportParameters requested are different than current active one (requested -> active):
  custom:video-decoder-ogg-theora: a1e56fd34408186e4bbccfd4996cb3dc -> 
  custom:container-muxer-webm: aa71ff27fc2769a1b78a27578f13a17b -> 
  custom:container-demuxer-webm: 4f35f7cbe854078d1ac9338744f61a02 -> 
  custom:video-encoder-webm-vp8: eb34c28f22e8b96e1ab97ce403110664 -> 
  custom:audio-encoder-webm-vorbis: bf7c407c2cedff20999df2af8eb42d56 -> 
  custom:framework-win-MediaFoundation: 216162199b28c13a410421893ffa2e32 -> 
  custom:container-demuxer-ogg: 62fdf1f143b41e24485cea50d1cbac27 -> 
  custom:video-decoder-webm-vp8: 9c59270c3fd7afecdb556c50c9e8de78 -> 
  custom:audio-decoder-ogg-vorbis: bf7c407c2cedff20999df2af8eb42d56 -> 
========================================================================
Received Prepare
Refreshing native plugins compatible for Editor in 40.08 ms, found 9 plugins.
Preloading 0 native plugins for Editor in 0.00 ms.
Unloading 36 Unused Serialized files (Serialized files now loaded: 0)
Unloading 36 unused Assets / (108.7 KB). Loaded Objects now: 4846.
Memory consumption went from 68.1 MB to 68.0 MB.
Total: 17.514900 ms (FindLiveObjects: 0.798400 ms CreateObjectMapping: 1.920900 ms MarkObjects: 13.657700 ms  DeleteObjects: 1.136100 ms)

AssetImportParameters requested are different than current active one (requested -> active):
  custom:video-decoder-ogg-theora: a1e56fd34408186e4bbccfd4996cb3dc -> 
  custom:container-muxer-webm: aa71ff27fc2769a1b78a27578f13a17b -> 
  custom:container-demuxer-webm: 4f35f7cbe854078d1ac9338744f61a02 -> 
  custom:video-encoder-webm-vp8: eb34c28f22e8b96e1ab97ce403110664 -> 
  custom:audio-encoder-webm-vorbis: bf7c407c2cedff20999df2af8eb42d56 -> 
  custom:framework-win-MediaFoundation: 216162199b28c13a410421893ffa2e32 -> 
  custom:container-demuxer-ogg: 62fdf1f143b41e24485cea50d1cbac27 -> 
  custom:video-decoder-webm-vp8: 9c59270c3fd7afecdb556c50c9e8de78 -> 
  custom:audio-decoder-ogg-vorbis: bf7c407c2cedff20999df2af8eb42d56 -> 
========================================================================
Received Import Request.
  Time since last request: 2237.821128 seconds.
  path: Assets/Jewel Pack/Prefabs/Gems - Red/gem_01.prefab
  artifactKey: Guid(db16423e6d34e4eb48f08e13ceac7a66) Importer(815301076,1909f56bfc062723c751e8b465ee728b)
Start importing Assets/Jewel Pack/Prefabs/Gems - Red/gem_01.prefab using Guid(db16423e6d34e4eb48f08e13ceac7a66) Importer(815301076,1909f56bfc062723c751e8b465ee728b)  -> (artifact id: 'e9b296353aa2786330970bc77f65e0e6') in 1.355538 seconds 
========================================================================
Received Import Request.
  Time since last request: 0.000591 seconds.
  path: Assets/Jewel Pack/Prefabs/Gems - Red/gem_17.prefab
  artifactKey: Guid(381c30b6d7bd64ac198546e129599840) Importer(815301076,1909f56bfc062723c751e8b465ee728b)
Start importing Assets/Jewel Pack/Prefabs/Gems - Red/gem_17.prefab using Guid(381c30b6d7bd64ac198546e129599840) Importer(815301076,1909f56bfc062723c751e8b465ee728b)  -> (artifact id: '18e12eb4203c193050b7a5cd8898a3d4') in 0.138174 seconds 
========================================================================
Received Import Request.
  Time since last request: 0.000098 seconds.
  path: Assets/Jewel Pack/Prefabs/Gems - Red/gem_04.prefab
  artifactKey: Guid(f903330e61736465381ea3a8cebaaa25) Importer(815301076,1909f56bfc062723c751e8b465ee728b)
Start importing Assets/Jewel Pack/Prefabs/Gems - Red/gem_04.prefab using Guid(f903330e61736465381ea3a8cebaaa25) Importer(815301076,1909f56bfc062723c751e8b465ee728b)  -> (artifact id: '45b6cd0eca41c6d4b8a9711e55d49d01') in 0.123618 seconds 
========================================================================
Received Import Request.
  Time since last request: 0.000084 seconds.
  path: Assets/Jewel Pack/Prefabs/Gems - Red/gem_14.prefab
  artifactKey: Guid(a1aff0929c3644e8f8cbc6dd0d222517) Importer(815301076,1909f56bfc062723c751e8b465ee728b)
Start importing Assets/Jewel Pack/Prefabs/Gems - Red/gem_14.prefab using Guid(a1aff0929c3644e8f8cbc6dd0d222517) Importer(815301076,1909f56bfc062723c751e8b465ee728b)  -> (artifact id: '92310a453a09aba722b29063da7c5ba3') in 0.129913 seconds 
========================================================================
Received Import Request.
  Time since last request: 0.000237 seconds.
  path: Assets/Jewel Pack/Prefabs/Gems - Red/gem_08.prefab
  artifactKey: Guid(3bcd5b4d4d38240048bb0487514cc399) Importer(815301076,1909f56bfc062723c751e8b465ee728b)
Start importing Assets/Jewel Pack/Prefabs/Gems - Red/gem_08.prefab using Guid(3bcd5b4d4d38240048bb0487514cc399) Importer(815301076,1909f56bfc062723c751e8b465ee728b)  -> (artifact id: 'c17d441d97343c8deb45f960a940930d') in 0.133318 seconds 
========================================================================
Received Import Request.
  Time since last request: 0.000156 seconds.
  path: Assets/Jewel Pack/Prefabs/Gems - Red/gem_13.prefab
  artifactKey: Guid(dcb8280982264441ea5cb8010109c9d9) Importer(815301076,1909f56bfc062723c751e8b465ee728b)
Start importing Assets/Jewel Pack/Prefabs/Gems - Red/gem_13.prefab using Guid(dcb8280982264441ea5cb8010109c9d9) Importer(815301076,1909f56bfc062723c751e8b465ee728b)  -> (artifact id: '951b37959cb9f36a4df8ab94831916e7') in 0.106495 seconds 
========================================================================
Received Import Request.
  Time since last request: 0.000074 seconds.
  path: Assets/Jewel Pack/Prefabs/Gems - Red/gem_06.prefab
  artifactKey: Guid(3d2e1d4f3db274e319cd80863c891929) Importer(815301076,1909f56bfc062723c751e8b465ee728b)
Start importing Assets/Jewel Pack/Prefabs/Gems - Red/gem_06.prefab using Guid(3d2e1d4f3db274e319cd80863c891929) Importer(815301076,1909f56bfc062723c751e8b465ee728b)  -> (artifact id: '083bc3853a4aa5ab0c714a4493850802') in 0.129948 seconds 
========================================================================
Received Import Request.
  Time since last request: 0.000088 seconds.
  path: Assets/Jewel Pack/Prefabs/Gems - Red/gem_09.prefab
  artifactKey: Guid(807c1c1c2da1d4a5d86ceffb85a3b363) Importer(815301076,1909f56bfc062723c751e8b465ee728b)
Start importing Assets/Jewel Pack/Prefabs/Gems - Red/gem_09.prefab using Guid(807c1c1c2da1d4a5d86ceffb85a3b363) Importer(815301076,1909f56bfc062723c751e8b465ee728b)  -> (artifact id: 'ab82c925b26db6b29f1eb719739812f8') in 0.163506 seconds 
========================================================================
Received Import Request.
  Time since last request: 0.000362 seconds.
  path: Assets/Jewel Pack/Prefabs/Gems - Red/gem_07.prefab
  artifactKey: Guid(1f2c2dd13a1b84ffca1b1123143ef366) Importer(815301076,1909f56bfc062723c751e8b465ee728b)
Start importing Assets/Jewel Pack/Prefabs/Gems - Red/gem_07.prefab using Guid(1f2c2dd13a1b84ffca1b1123143ef366) Importer(815301076,1909f56bfc062723c751e8b465ee728b)  -> (artifact id: 'acd4e70ae3f2b6d13d68b491a3aaa15c') in 0.145025 seconds 
========================================================================
Received Import Request.
  Time since last request: 3.689213 seconds.
  path: Assets/Jewel Pack/Models
  artifactKey: Guid(1815ddd4cae4f46a0bb6c45244c6c7ee) Importer(815301076,1909f56bfc062723c751e8b465ee728b)
Start importing Assets/Jewel Pack/Models using Guid(1815ddd4cae4f46a0bb6c45244c6c7ee) Importer(815301076,1909f56bfc062723c751e8b465ee728b)  -> (artifact id: '5867270c3b8446cde66aaedea47866f3') in 0.039266 seconds 
========================================================================
Received Import Request.
  Time since last request: 0.000069 seconds.
  path: Assets/Jewel Pack/Models/gem_16.fbx
  artifactKey: Guid(f3557841372524d1283f68a4959d4f7f) Importer(815301076,1909f56bfc062723c751e8b465ee728b)
Start importing Assets/Jewel Pack/Models/gem_16.fbx using Guid(f3557841372524d1283f68a4959d4f7f) Importer(815301076,1909f56bfc062723c751e8b465ee728b)  -> (artifact id: '52e24a3038084401687381444ac6a1d7') in 0.909739 seconds 
========================================================================
Received Import Request.
  Time since last request: 0.000083 seconds.
  path: Assets/Jewel Pack/Models/gem_02.fbx
  artifactKey: Guid(ec23da108dbb54c969c80a7bf7b71320) Importer(815301076,1909f56bfc062723c751e8b465ee728b)
Start importing Assets/Jewel Pack/Models/gem_02.fbx using Guid(ec23da108dbb54c969c80a7bf7b71320) Importer(815301076,1909f56bfc062723c751e8b465ee728b)  -> (artifact id: 'e8226f2a3741ffa117c26b22a4ffb439') in 0.099217 seconds 
========================================================================
Received Import Request.
  Time since last request: 0.000059 seconds.
  path: Assets/Jewel Pack/Models/gem_08.fbx
  artifactKey: Guid(0ecc4766a87e040f2852a6de64cc0f86) Importer(815301076,1909f56bfc062723c751e8b465ee728b)
Start importing Assets/Jewel Pack/Models/gem_08.fbx using Guid(0ecc4766a87e040f2852a6de64cc0f86) Importer(815301076,1909f56bfc062723c751e8b465ee728b)  -> (artifact id: '0d780a08bdfedf786de8086982e32a87') in 0.084678 seconds 
========================================================================
Received Import Request.
  Time since last request: 0.000046 seconds.
  path: Assets/Jewel Pack/Models/gem_14.fbx
  artifactKey: Guid(4ee4ee93a9a684deca32b2f27ff174b0) Importer(815301076,1909f56bfc062723c751e8b465ee728b)
Start importing Assets/Jewel Pack/Models/gem_14.fbx using Guid(4ee4ee93a9a684deca32b2f27ff174b0) Importer(815301076,1909f56bfc062723c751e8b465ee728b)  -> (artifact id: 'bac5de7812d4e33da05df824bf2ca116') in 0.090219 seconds 
========================================================================
Received Import Request.
  Time since last request: 0.000066 seconds.
  path: Assets/Jewel Pack/Models/gem_06.fbx
  artifactKey: Guid(79b2a5cdd70824e3d9b3acf2ddc79f4d) Importer(815301076,1909f56bfc062723c751e8b465ee728b)
Start importing Assets/Jewel Pack/Models/gem_06.fbx using Guid(79b2a5cdd70824e3d9b3acf2ddc79f4d) Importer(815301076,1909f56bfc062723c751e8b465ee728b)  -> (artifact id: 'eda0f8d7c0348f49f56d5ea2742e1905') in 0.092304 seconds 
========================================================================
Received Import Request.
  Time since last request: 0.000060 seconds.
  path: Assets/Jewel Pack/Models/gem_17.fbx
  artifactKey: Guid(6bd1688c4b7d0499586a92ae1b8d925a) Importer(815301076,1909f56bfc062723c751e8b465ee728b)
Start importing Assets/Jewel Pack/Models/gem_17.fbx using Guid(6bd1688c4b7d0499586a92ae1b8d925a) Importer(815301076,1909f56bfc062723c751e8b465ee728b)  -> (artifact id: '6ab322f29e285d97fb09f24ddf08aef8') in 0.141917 seconds 
========================================================================
Received Import Request.
  Time since last request: 0.000091 seconds.
  path: Assets/Jewel Pack/Models/gem_11.fbx
  artifactKey: Guid(e2d766b2254344132b0a278bca3800e2) Importer(815301076,1909f56bfc062723c751e8b465ee728b)
Start importing Assets/Jewel Pack/Models/gem_11.fbx using Guid(e2d766b2254344132b0a278bca3800e2) Importer(815301076,1909f56bfc062723c751e8b465ee728b)  -> (artifact id: '9dab839a07d4072171aa3da25b95829f') in 0.102583 seconds 
========================================================================
Received Import Request.
  Time since last request: 0.000365 seconds.
  path: Assets/Jewel Pack/Models/gem_12.fbx
  artifactKey: Guid(93d39d1ec7ceb4c23b45d8100aef0db1) Importer(815301076,1909f56bfc062723c751e8b465ee728b)
Start importing Assets/Jewel Pack/Models/gem_12.fbx using Guid(93d39d1ec7ceb4c23b45d8100aef0db1) Importer(815301076,1909f56bfc062723c751e8b465ee728b)  -> (artifact id: '23d873a55fed1ab8b520250ff9ad6e7c') in 0.095857 seconds 
========================================================================
Received Import Request.
  Time since last request: 0.000101 seconds.
  path: Assets/Jewel Pack/Models/gem_15.fbx
  artifactKey: Guid(f1c41d4bf06864be4b4182a83cf3766a) Importer(815301076,1909f56bfc062723c751e8b465ee728b)
Start importing Assets/Jewel Pack/Models/gem_15.fbx using Guid(f1c41d4bf06864be4b4182a83cf3766a) Importer(815301076,1909f56bfc062723c751e8b465ee728b)  -> (artifact id: '9d68b1aef4029e6d88db05a5327e39b9') in 0.079195 seconds 
========================================================================
Received Import Request.
  Time since last request: 27.476031 seconds.
  path: Assets/Jewel Pack/Prefabs
  artifactKey: Guid(d5c3f7699c53040eba2b0c2995db9a62) Importer(815301076,1909f56bfc062723c751e8b465ee728b)
Start importing Assets/Jewel Pack/Prefabs using Guid(d5c3f7699c53040eba2b0c2995db9a62) Importer(815301076,1909f56bfc062723c751e8b465ee728b)  -> (artifact id: 'df2195483b16f02a89e2b0d4243eedf1') in 0.035758 seconds 
========================================================================
Received Import Request.
  Time since last request: 8.891270 seconds.
  path: Assets/Jewel Pack/Prefabs/gem_13 Variant.prefab
  artifactKey: Guid(a0d5c68f4cd0a1940950dfda582546f0) Importer(815301076,1909f56bfc062723c751e8b465ee728b)
Start importing Assets/Jewel Pack/Prefabs/gem_13 Variant.prefab using Guid(a0d5c68f4cd0a1940950dfda582546f0) Importer(815301076,1909f56bfc062723c751e8b465ee728b)  -> (artifact id: '170bee20d5f36c65ca1a5bc9cc70b4c6') in 0.131170 seconds 
========================================================================
Received Import Request.
  Time since last request: 36.489981 seconds.
  path: Assets/Jewel Pack/Materials/gem - aquamraine.mat
  artifactKey: Guid(b254ca09f7e414a20b887047de186388) Importer(815301076,1909f56bfc062723c751e8b465ee728b)
Start importing Assets/Jewel Pack/Materials/gem - aquamraine.mat using Guid(b254ca09f7e414a20b887047de186388) Importer(815301076,1909f56bfc062723c751e8b465ee728b)  -> (artifact id: '0a12f84fd658d33ec311070be802a0e3') in 0.552451 seconds 
========================================================================
Received Import Request.
  Time since last request: 0.000104 seconds.
  path: Assets/Jewel Pack/Materials/gem - cyan.mat
  artifactKey: Guid(bc53c90e04a0e48c48f35fe311be0960) Importer(815301076,1909f56bfc062723c751e8b465ee728b)
Start importing Assets/Jewel Pack/Materials/gem - cyan.mat using Guid(bc53c90e04a0e48c48f35fe311be0960) Importer(815301076,1909f56bfc062723c751e8b465ee728b)  -> (artifact id: '9e30ac39c405f637b8eb262b8e960a2a') in 0.089910 seconds 
========================================================================
Received Import Request.
  Time since last request: 0.000099 seconds.
  path: Assets/Jewel Pack/Materials/gem - purple dark.mat
  artifactKey: Guid(d7137ed4885f24959afe2a87ac0f7693) Importer(815301076,1909f56bfc062723c751e8b465ee728b)
Start importing Assets/Jewel Pack/Materials/gem - purple dark.mat using Guid(d7137ed4885f24959afe2a87ac0f7693) Importer(815301076,1909f56bfc062723c751e8b465ee728b)  -> (artifact id: '3a25e2f335cd231253e56ebe611bd102') in 0.126102 seconds 
========================================================================
Received Import Request.
  Time since last request: 0.000086 seconds.
  path: Assets/Jewel Pack/Materials/gem - green.mat
  artifactKey: Guid(21d599d2fbb7244f3b101fa75623eb0c) Importer(815301076,1909f56bfc062723c751e8b465ee728b)
Start importing Assets/Jewel Pack/Materials/gem - green.mat using Guid(21d599d2fbb7244f3b101fa75623eb0c) Importer(815301076,1909f56bfc062723c751e8b465ee728b)  -> (artifact id: 'e48867665e4c595c2454cc77047ae368') in 0.096133 seconds 
========================================================================
Received Import Request.
  Time since last request: 0.000100 seconds.
  path: Assets/Jewel Pack/Materials/gem - orange.mat
  artifactKey: Guid(0cc09147dbf0d456a9c6846c8dcad0d3) Importer(815301076,1909f56bfc062723c751e8b465ee728b)
Start importing Assets/Jewel Pack/Materials/gem - orange.mat using Guid(0cc09147dbf0d456a9c6846c8dcad0d3) Importer(815301076,1909f56bfc062723c751e8b465ee728b)  -> (artifact id: 'f8ed8b8849031d99410fc02259526ee9') in 0.112056 seconds 
========================================================================
Received Import Request.
  Time since last request: 0.000075 seconds.
  path: Assets/Jewel Pack/Materials/gem - red.mat
  artifactKey: Guid(5b165a09fcc134ca6a6c2467abd6e36a) Importer(815301076,1909f56bfc062723c751e8b465ee728b)
Start importing Assets/Jewel Pack/Materials/gem - red.mat using Guid(5b165a09fcc134ca6a6c2467abd6e36a) Importer(815301076,1909f56bfc062723c751e8b465ee728b)  -> (artifact id: '2206e77c35cd327bcb3e749fed822dc0') in 0.118787 seconds 
========================================================================
Received Prepare
Registering precompiled user dll's ...
Registered in 0.029614 seconds.
Begin MonoManager ReloadAssembly
Symbol file LoadedFromMemory doesn't match image C:\Users\Fen Lisesi\Desktop\KOC STAJ\YİLDİZ\Library\PackageCache\com.unity.visualscripting@1.7.6\Editor\VisualScripting.Core\Dependencies\DotNetZip\Unity.VisualScripting.IonicZip.dll
Symbol file LoadedFromMemory doesn't match image C:\Users\Fen Lisesi\Desktop\KOC STAJ\YİLDİZ\Library\PackageCache\com.unity.visualscripting@1.7.6\Editor\VisualScripting.Core\Dependencies\YamlDotNet\Unity.VisualScripting.YamlDotNet.dll
Symbol file LoadedFromMemory is not a mono symbol file
Native extension for WindowsStandalone target not found
Native extension for Android target not found
Refreshing native plugins compatible for Editor in 5.39 ms, found 9 plugins.
Preloading 0 native plugins for Editor in 0.00 ms.
Mono: successfully reloaded assembly
- Completed reload, in  6.919 seconds
Domain Reload Profiling:
	ReloadAssembly (6926ms)
		BeginReloadAssembly (1533ms)
			ExecutionOrderSort (0ms)
			DisableScriptedObjects (42ms)
			BackupInstance (0ms)
			ReleaseScriptingObjects (0ms)
			CreateAndSetChildDomain (647ms)
		EndReloadAssembly (4883ms)
			LoadAssemblies (769ms)
			RebuildTransferFunctionScriptingTraits (1ms)
			SetupTypeCache (1677ms)
			ReleaseScriptCaches (12ms)
			RebuildScriptCaches (278ms)
			SetupLoadedEditorAssemblies (1978ms)
				LogAssemblyErrors (0ms)
				InitializePlatformSupportModulesInManaged (125ms)
				SetLoadedEditorAssemblies (5ms)
				RefreshPlugins (6ms)
				BeforeProcessingInitializeOnLoad (423ms)
				ProcessInitializeOnLoadAttributes (1206ms)
				ProcessInitializeOnLoadMethodAttributes (175ms)
				AfterProcessingInitializeOnLoad (37ms)
				EditorAssembliesLoaded (2ms)
			ExecutionOrderSort2 (0ms)
			AwakeInstancesAfterBackupRestoration (27ms)
Platform modules already initialized, skipping
Refreshing native plugins compatible for Editor in 27.31 ms, found 9 plugins.
Preloading 0 native plugins for Editor in 0.00 ms.
Unloading 4361 Unused Serialized files (Serialized files now loaded: 0)
Unloading 36 unused Assets / (111.5 KB). Loaded Objects now: 4887.
Memory consumption went from 155.4 MB to 155.3 MB.
Total: 13.489900 ms (FindLiveObjects: 0.786400 ms CreateObjectMapping: 0.418000 ms MarkObjects: 12.003600 ms  DeleteObjects: 0.278400 ms)

AssetImportParameters requested are different than current active one (requested -> active):
  custom:video-decoder-ogg-theora: a1e56fd34408186e4bbccfd4996cb3dc -> 
  custom:container-muxer-webm: aa71ff27fc2769a1b78a27578f13a17b -> 
  custom:container-demuxer-webm: 4f35f7cbe854078d1ac9338744f61a02 -> 
  custom:video-encoder-webm-vp8: eb34c28f22e8b96e1ab97ce403110664 -> 
  custom:audio-encoder-webm-vorbis: bf7c407c2cedff20999df2af8eb42d56 -> 
  custom:framework-win-MediaFoundation: 216162199b28c13a410421893ffa2e32 -> 
  custom:container-demuxer-ogg: 62fdf1f143b41e24485cea50d1cbac27 -> 
  custom:video-decoder-webm-vp8: 9c59270c3fd7afecdb556c50c9e8de78 -> 
  custom:audio-decoder-ogg-vorbis: bf7c407c2cedff20999df2af8eb42d56 -> 
