Using pre-set license
Built from '2021.3/staging' branch; Version is '2021.3.1f1 (3b70a0754835) revision 3895456'; Using compiler version '192829333'; Build Type 'Release'
OS: 'Windows 10  (10.0.19045) 64bit Professional' Language: 'tr' Physical Memory: 7872 MB
BatchMode: 1, IsHumanControllingUs: 0, StartBugReporterOnCrash: 0, Is64bit: 1, IsPro: 1

COMMAND LINE ARGUMENTS:
C:\Program Files\Unity\Hub\Editor\2021.3.1f1\Editor\Unity.exe
-adb2
-batchMode
-noUpm
-name
AssetImportWorker10
-projectPath
C:/Users/Fen Lisesi/Desktop/KOC STAJ/YİLDİZ
-logFile
Logs/AssetImportWorker10.log
-srvPort
64210
Successfully changed project path to: C:/Users/Fen Lisesi/Desktop/KOC STAJ/YİLDİZ
C:/Users/Fen Lisesi/Desktop/KOC STAJ/YİLDİZ
[UnityMemory] Configuration Parameters - Can be set up in boot.config
    "memorysetup-bucket-allocator-granularity=16"
    "memorysetup-bucket-allocator-bucket-count=8"
    "memorysetup-bucket-allocator-block-size=33554432"
    "memorysetup-bucket-allocator-block-count=8"
    "memorysetup-main-allocator-block-size=16777216"
    "memorysetup-thread-allocator-block-size=16777216"
    "memorysetup-gfx-main-allocator-block-size=16777216"
    "memorysetup-gfx-thread-allocator-block-size=16777216"
    "memorysetup-cache-allocator-block-size=4194304"
    "memorysetup-typetree-allocator-block-size=2097152"
    "memorysetup-profiler-bucket-allocator-granularity=16"
    "memorysetup-profiler-bucket-allocator-bucket-count=8"
    "memorysetup-profiler-bucket-allocator-block-size=33554432"
    "memorysetup-profiler-bucket-allocator-block-count=8"
    "memorysetup-profiler-allocator-block-size=16777216"
    "memorysetup-profiler-editor-allocator-block-size=1048576"
    "memorysetup-temp-allocator-size-main=16777216"
    "memorysetup-job-temp-allocator-block-size=2097152"
    "memorysetup-job-temp-allocator-block-size-background=1048576"
    "memorysetup-job-temp-allocator-reduction-small-platforms=262144"
    "memorysetup-temp-allocator-size-background-worker=32768"
    "memorysetup-temp-allocator-size-job-worker=262144"
    "memorysetup-temp-allocator-size-preload-manager=33554432"
    "memorysetup-temp-allocator-size-nav-mesh-worker=65536"
    "memorysetup-temp-allocator-size-audio-worker=65536"
    "memorysetup-temp-allocator-size-cloud-worker=32768"
    "memorysetup-temp-allocator-size-gi-baking-worker=262144"
    "memorysetup-temp-allocator-size-gfx=262144"
Refreshing native plugins compatible for Editor in 551.90 ms, found 9 plugins.
Preloading 0 native plugins for Editor in 0.00 ms.
Initialize engine version: 2021.3.1f1 (3b70a0754835)
[Subsystems] Discovering subsystems at path C:/Program Files/Unity/Hub/Editor/2021.3.1f1/Editor/Data/Resources/UnitySubsystems
[Subsystems] Discovering subsystems at path C:/Users/Fen Lisesi/Desktop/KOC STAJ/YİLDİZ/Assets
GfxDevice: creating device client; threaded=0; jobified=0
Direct3D:
    Version:  Direct3D 11.0 [level 11.1]
    Renderer: Intel(R) Iris(R) Xe Graphics (ID=0x9a49)
    Vendor:   Intel
    VRAM:     3936 MB
    Driver:   31.0.101.4032
Initialize mono
Mono path[0] = 'C:/Program Files/Unity/Hub/Editor/2021.3.1f1/Editor/Data/Managed'
Mono path[1] = 'C:/Program Files/Unity/Hub/Editor/2021.3.1f1/Editor/Data/MonoBleedingEdge/lib/mono/unityjit-win32'
Mono config path = 'C:/Program Files/Unity/Hub/Editor/2021.3.1f1/Editor/Data/MonoBleedingEdge/etc'
Using monoOptions --debugger-agent=transport=dt_socket,embedding=1,server=y,suspend=n,address=127.0.0.1:56872
Begin MonoManager ReloadAssembly
Registering precompiled unity dll's ...
Register platform support module: C:/Program Files/Unity/Hub/Editor/2021.3.1f1/Editor/Data/PlaybackEngines/AndroidPlayer/UnityEditor.Android.Extensions.dll
Register platform support module: C:/Program Files/Unity/Hub/Editor/2021.3.1f1/Editor/Data/PlaybackEngines/WindowsStandaloneSupport/UnityEditor.WindowsStandalone.Extensions.dll
Registered in 0.032600 seconds.
Native extension for WindowsStandalone target not found
Native extension for Android target not found
Refreshing native plugins compatible for Editor in 482.58 ms, found 9 plugins.
Preloading 0 native plugins for Editor in 0.00 ms.
Mono: successfully reloaded assembly
- Completed reload, in  3.374 seconds
Domain Reload Profiling:
	ReloadAssembly (3376ms)
		BeginReloadAssembly (351ms)
			ExecutionOrderSort (0ms)
			DisableScriptedObjects (0ms)
			BackupInstance (0ms)
			ReleaseScriptingObjects (0ms)
			CreateAndSetChildDomain (3ms)
		EndReloadAssembly (2396ms)
			LoadAssemblies (346ms)
			RebuildTransferFunctionScriptingTraits (0ms)
			SetupTypeCache (506ms)
			ReleaseScriptCaches (0ms)
			RebuildScriptCaches (117ms)
			SetupLoadedEditorAssemblies (1508ms)
				LogAssemblyErrors (0ms)
				InitializePlatformSupportModulesInManaged (261ms)
				SetLoadedEditorAssemblies (1ms)
				RefreshPlugins (483ms)
				BeforeProcessingInitializeOnLoad (4ms)
				ProcessInitializeOnLoadAttributes (516ms)
				ProcessInitializeOnLoadMethodAttributes (242ms)
				AfterProcessingInitializeOnLoad (0ms)
				EditorAssembliesLoaded (1ms)
			ExecutionOrderSort2 (0ms)
			AwakeInstancesAfterBackupRestoration (0ms)
Platform modules already initialized, skipping
Registering precompiled user dll's ...
Registered in 0.033112 seconds.
Begin MonoManager ReloadAssembly
Symbol file LoadedFromMemory doesn't match image C:\Users\Fen Lisesi\Desktop\KOC STAJ\YİLDİZ\Library\PackageCache\com.unity.visualscripting@1.7.6\Editor\VisualScripting.Core\Dependencies\DotNetZip\Unity.VisualScripting.IonicZip.dll
Symbol file LoadedFromMemory doesn't match image C:\Users\Fen Lisesi\Desktop\KOC STAJ\YİLDİZ\Library\PackageCache\com.unity.visualscripting@1.7.6\Editor\VisualScripting.Core\Dependencies\YamlDotNet\Unity.VisualScripting.YamlDotNet.dll
Symbol file LoadedFromMemory is not a mono symbol file
Native extension for WindowsStandalone target not found
Native extension for Android target not found
Refreshing native plugins compatible for Editor in 452.07 ms, found 9 plugins.
Preloading 0 native plugins for Editor in 0.00 ms.
Package Manager log level set to [2]
Mono: successfully reloaded assembly
- Completed reload, in  6.130 seconds
Domain Reload Profiling:
	ReloadAssembly (6134ms)
		BeginReloadAssembly (618ms)
			ExecutionOrderSort (0ms)
			DisableScriptedObjects (45ms)
			BackupInstance (0ms)
			ReleaseScriptingObjects (1ms)
			CreateAndSetChildDomain (190ms)
		EndReloadAssembly (4900ms)
			LoadAssemblies (481ms)
			RebuildTransferFunctionScriptingTraits (0ms)
			SetupTypeCache (1549ms)
			ReleaseScriptCaches (3ms)
			RebuildScriptCaches (275ms)
			SetupLoadedEditorAssemblies (2353ms)
				LogAssemblyErrors (0ms)
				InitializePlatformSupportModulesInManaged (55ms)
				SetLoadedEditorAssemblies (1ms)
				RefreshPlugins (452ms)
				BeforeProcessingInitializeOnLoad (542ms)
				ProcessInitializeOnLoadAttributes (1172ms)
				ProcessInitializeOnLoadMethodAttributes (99ms)
				AfterProcessingInitializeOnLoad (29ms)
				EditorAssembliesLoaded (1ms)
			ExecutionOrderSort2 (0ms)
			AwakeInstancesAfterBackupRestoration (27ms)
Platform modules already initialized, skipping
========================================================================
Worker process is ready to serve import requests
Launched and connected shader compiler UnityShaderCompiler.exe after 0.16 seconds
Refreshing native plugins compatible for Editor in 2.85 ms, found 9 plugins.
Preloading 0 native plugins for Editor in 0.00 ms.
Unloading 4382 Unused Serialized files (Serialized files now loaded: 0)
Unloading 47 unused Assets / (161.3 KB). Loaded Objects now: 4826.
Memory consumption went from 151.5 MB to 151.3 MB.
Total: 12.535400 ms (FindLiveObjects: 0.882100 ms CreateObjectMapping: 0.566100 ms MarkObjects: 10.719300 ms  DeleteObjects: 0.363900 ms)

AssetImportParameters requested are different than current active one (requested -> active):
  custom:video-decoder-ogg-theora: a1e56fd34408186e4bbccfd4996cb3dc -> 
  custom:container-muxer-webm: aa71ff27fc2769a1b78a27578f13a17b -> 
  custom:container-demuxer-webm: 4f35f7cbe854078d1ac9338744f61a02 -> 
  custom:video-encoder-webm-vp8: eb34c28f22e8b96e1ab97ce403110664 -> 
  custom:audio-encoder-webm-vorbis: bf7c407c2cedff20999df2af8eb42d56 -> 
  custom:framework-win-MediaFoundation: 216162199b28c13a410421893ffa2e32 -> 
  custom:container-demuxer-ogg: 62fdf1f143b41e24485cea50d1cbac27 -> 
  custom:video-decoder-webm-vp8: 9c59270c3fd7afecdb556c50c9e8de78 -> 
  custom:audio-decoder-ogg-vorbis: bf7c407c2cedff20999df2af8eb42d56 -> 
========================================================================
Received Import Request.
  Time since last request: 2883.388991 seconds.
  path: Assets/Jewel Pack/Prefabs/Gems - Red/gem_01.prefab
  artifactKey: Guid(db16423e6d34e4eb48f08e13ceac7a66) Importer(815301076,1909f56bfc062723c751e8b465ee728b)
Start importing Assets/Jewel Pack/Prefabs/Gems - Red/gem_01.prefab using Guid(db16423e6d34e4eb48f08e13ceac7a66) Importer(815301076,1909f56bfc062723c751e8b465ee728b)  -> (artifact id: '27836fa45eee472eb4af161ee1cfcaca') in 0.637624 seconds 
========================================================================
Received Import Request.
  Time since last request: 0.000057 seconds.
  path: Assets/Jewel Pack/Prefabs/Gems - Red/gem_11.prefab
  artifactKey: Guid(279c7e51281f445c39dba43e5c59d776) Importer(815301076,1909f56bfc062723c751e8b465ee728b)
Start importing Assets/Jewel Pack/Prefabs/Gems - Red/gem_11.prefab using Guid(279c7e51281f445c39dba43e5c59d776) Importer(815301076,1909f56bfc062723c751e8b465ee728b)  -> (artifact id: 'fae80b9430295c120be1fb37ea8e9d34') in 0.162768 seconds 
========================================================================
Received Import Request.
  Time since last request: 0.000067 seconds.
  path: Assets/Jewel Pack/Prefabs/Gems - Red/gem_14.prefab
  artifactKey: Guid(a1aff0929c3644e8f8cbc6dd0d222517) Importer(815301076,1909f56bfc062723c751e8b465ee728b)
Start importing Assets/Jewel Pack/Prefabs/Gems - Red/gem_14.prefab using Guid(a1aff0929c3644e8f8cbc6dd0d222517) Importer(815301076,1909f56bfc062723c751e8b465ee728b)  -> (artifact id: 'b87fb3baa22a73fdb6374e429a0a78ff') in 0.142264 seconds 
========================================================================
Received Import Request.
  Time since last request: 0.000090 seconds.
  path: Assets/Jewel Pack/Prefabs/Gems - Red/gem_08.prefab
  artifactKey: Guid(3bcd5b4d4d38240048bb0487514cc399) Importer(815301076,1909f56bfc062723c751e8b465ee728b)
Start importing Assets/Jewel Pack/Prefabs/Gems - Red/gem_08.prefab using Guid(3bcd5b4d4d38240048bb0487514cc399) Importer(815301076,1909f56bfc062723c751e8b465ee728b)  -> (artifact id: '3dcbb6b188c6eb0cc4f547dab02fbaf7') in 0.135559 seconds 
========================================================================
Received Import Request.
  Time since last request: 0.000114 seconds.
  path: Assets/Jewel Pack/Prefabs/Gems - Red/gem_18.prefab
  artifactKey: Guid(666b183738d884820a8f09481e17a695) Importer(815301076,1909f56bfc062723c751e8b465ee728b)
Start importing Assets/Jewel Pack/Prefabs/Gems - Red/gem_18.prefab using Guid(666b183738d884820a8f09481e17a695) Importer(815301076,1909f56bfc062723c751e8b465ee728b)  -> (artifact id: '627d82458e693612ca8b2f69a79fcb81') in 0.206080 seconds 
========================================================================
Received Import Request.
  Time since last request: 0.000041 seconds.
  path: Assets/Jewel Pack/Prefabs/Gems - Red/gem_06.prefab
  artifactKey: Guid(3d2e1d4f3db274e319cd80863c891929) Importer(815301076,1909f56bfc062723c751e8b465ee728b)
Start importing Assets/Jewel Pack/Prefabs/Gems - Red/gem_06.prefab using Guid(3d2e1d4f3db274e319cd80863c891929) Importer(815301076,1909f56bfc062723c751e8b465ee728b)  -> (artifact id: 'f92303118b20a85d732109c2ece5c660') in 0.133462 seconds 
========================================================================
Received Import Request.
  Time since last request: 0.000324 seconds.
  path: Assets/Jewel Pack/Prefabs/Gems - Red/gem_09.prefab
  artifactKey: Guid(807c1c1c2da1d4a5d86ceffb85a3b363) Importer(815301076,1909f56bfc062723c751e8b465ee728b)
Start importing Assets/Jewel Pack/Prefabs/Gems - Red/gem_09.prefab using Guid(807c1c1c2da1d4a5d86ceffb85a3b363) Importer(815301076,1909f56bfc062723c751e8b465ee728b)  -> (artifact id: '78842d4d80af16172b8623c63a7aa45a') in 0.176617 seconds 
========================================================================
Received Import Request.
  Time since last request: 0.000076 seconds.
  path: Assets/Jewel Pack/Prefabs/Gems - Red
  artifactKey: Guid(6d38f3a22830b4bb1a070e5472dd8a50) Importer(815301076,1909f56bfc062723c751e8b465ee728b)
Start importing Assets/Jewel Pack/Prefabs/Gems - Red using Guid(6d38f3a22830b4bb1a070e5472dd8a50) Importer(815301076,1909f56bfc062723c751e8b465ee728b)  -> (artifact id: 'a233647dfc0a89df91d9afb4b066ee7e') in 0.038889 seconds 
========================================================================
Received Import Request.
  Time since last request: 0.000090 seconds.
  path: Assets/Jewel Pack/Prefabs/Gems - Red/gem_02.prefab
  artifactKey: Guid(5afac5f23b1954bc49a29867076d017d) Importer(815301076,1909f56bfc062723c751e8b465ee728b)
Start importing Assets/Jewel Pack/Prefabs/Gems - Red/gem_02.prefab using Guid(5afac5f23b1954bc49a29867076d017d) Importer(815301076,1909f56bfc062723c751e8b465ee728b)  -> (artifact id: '466af18f4909dda1c8a4cfeb79f42b6e') in 0.222831 seconds 
========================================================================
Received Import Request.
  Time since last request: 0.000084 seconds.
  path: Assets/Jewel Pack/Prefabs/Gems - Red/gem_10.prefab
  artifactKey: Guid(5d3b070e9f8004a7cadc01b0fd81ed35) Importer(815301076,1909f56bfc062723c751e8b465ee728b)
Start importing Assets/Jewel Pack/Prefabs/Gems - Red/gem_10.prefab using Guid(5d3b070e9f8004a7cadc01b0fd81ed35) Importer(815301076,1909f56bfc062723c751e8b465ee728b)  -> (artifact id: '1c1bd1a9f56ba8dd2619b679e9c4a590') in 0.145650 seconds 
========================================================================
Received Prepare
Registering precompiled user dll's ...
Registered in 0.024390 seconds.
Begin MonoManager ReloadAssembly
Symbol file LoadedFromMemory doesn't match image C:\Users\Fen Lisesi\Desktop\KOC STAJ\YİLDİZ\Library\PackageCache\com.unity.visualscripting@1.7.6\Editor\VisualScripting.Core\Dependencies\DotNetZip\Unity.VisualScripting.IonicZip.dll
Symbol file LoadedFromMemory doesn't match image C:\Users\Fen Lisesi\Desktop\KOC STAJ\YİLDİZ\Library\PackageCache\com.unity.visualscripting@1.7.6\Editor\VisualScripting.Core\Dependencies\YamlDotNet\Unity.VisualScripting.YamlDotNet.dll
Symbol file LoadedFromMemory is not a mono symbol file
Native extension for WindowsStandalone target not found
Native extension for Android target not found
Refreshing native plugins compatible for Editor in 2.33 ms, found 9 plugins.
Preloading 0 native plugins for Editor in 0.00 ms.
Mono: successfully reloaded assembly
- Completed reload, in  4.747 seconds
Domain Reload Profiling:
	ReloadAssembly (4749ms)
		BeginReloadAssembly (538ms)
			ExecutionOrderSort (0ms)
			DisableScriptedObjects (21ms)
			BackupInstance (0ms)
			ReleaseScriptingObjects (0ms)
			CreateAndSetChildDomain (143ms)
		EndReloadAssembly (3774ms)
			LoadAssemblies (364ms)
			RebuildTransferFunctionScriptingTraits (0ms)
			SetupTypeCache (1302ms)
			ReleaseScriptCaches (5ms)
			RebuildScriptCaches (186ms)
			SetupLoadedEditorAssemblies (1654ms)
				LogAssemblyErrors (0ms)
				InitializePlatformSupportModulesInManaged (94ms)
				SetLoadedEditorAssemblies (1ms)
				RefreshPlugins (3ms)
				BeforeProcessingInitializeOnLoad (392ms)
				ProcessInitializeOnLoadAttributes (1022ms)
				ProcessInitializeOnLoadMethodAttributes (110ms)
				AfterProcessingInitializeOnLoad (31ms)
				EditorAssembliesLoaded (1ms)
			ExecutionOrderSort2 (0ms)
			AwakeInstancesAfterBackupRestoration (23ms)
Platform modules already initialized, skipping
Refreshing native plugins compatible for Editor in 16.64 ms, found 9 plugins.
Preloading 0 native plugins for Editor in 0.00 ms.
Unloading 4362 Unused Serialized files (Serialized files now loaded: 0)
Unloading 37 unused Assets / (128.2 KB). Loaded Objects now: 4837.
Memory consumption went from 155.3 MB to 155.1 MB.
Total: 14.167500 ms (FindLiveObjects: 0.769300 ms CreateObjectMapping: 0.549300 ms MarkObjects: 12.459800 ms  DeleteObjects: 0.385700 ms)

AssetImportParameters requested are different than current active one (requested -> active):
  custom:video-decoder-ogg-theora: a1e56fd34408186e4bbccfd4996cb3dc -> 
  custom:container-muxer-webm: aa71ff27fc2769a1b78a27578f13a17b -> 
  custom:container-demuxer-webm: 4f35f7cbe854078d1ac9338744f61a02 -> 
  custom:video-encoder-webm-vp8: eb34c28f22e8b96e1ab97ce403110664 -> 
  custom:audio-encoder-webm-vorbis: bf7c407c2cedff20999df2af8eb42d56 -> 
  custom:framework-win-MediaFoundation: 216162199b28c13a410421893ffa2e32 -> 
  custom:container-demuxer-ogg: 62fdf1f143b41e24485cea50d1cbac27 -> 
  custom:video-decoder-webm-vp8: 9c59270c3fd7afecdb556c50c9e8de78 -> 
  custom:audio-decoder-ogg-vorbis: bf7c407c2cedff20999df2af8eb42d56 -> 
========================================================================
Received Prepare
Registering precompiled user dll's ...
Registered in 0.022670 seconds.
Begin MonoManager ReloadAssembly
Symbol file LoadedFromMemory doesn't match image C:\Users\Fen Lisesi\Desktop\KOC STAJ\YİLDİZ\Library\PackageCache\com.unity.visualscripting@1.7.6\Editor\VisualScripting.Core\Dependencies\DotNetZip\Unity.VisualScripting.IonicZip.dll
Symbol file LoadedFromMemory doesn't match image C:\Users\Fen Lisesi\Desktop\KOC STAJ\YİLDİZ\Library\PackageCache\com.unity.visualscripting@1.7.6\Editor\VisualScripting.Core\Dependencies\YamlDotNet\Unity.VisualScripting.YamlDotNet.dll
Symbol file LoadedFromMemory is not a mono symbol file
Native extension for WindowsStandalone target not found
Native extension for Android target not found
Refreshing native plugins compatible for Editor in 7.64 ms, found 9 plugins.
Preloading 0 native plugins for Editor in 0.01 ms.
Mono: successfully reloaded assembly
- Completed reload, in 10.884 seconds
Domain Reload Profiling:
	ReloadAssembly (10893ms)
		BeginReloadAssembly (1222ms)
			ExecutionOrderSort (0ms)
			DisableScriptedObjects (52ms)
			BackupInstance (0ms)
			ReleaseScriptingObjects (0ms)
			CreateAndSetChildDomain (327ms)
		EndReloadAssembly (8543ms)
			LoadAssemblies (1060ms)
			RebuildTransferFunctionScriptingTraits (0ms)
			SetupTypeCache (2765ms)
			ReleaseScriptCaches (10ms)
			RebuildScriptCaches (418ms)
			SetupLoadedEditorAssemblies (3927ms)
				LogAssemblyErrors (0ms)
				InitializePlatformSupportModulesInManaged (215ms)
				SetLoadedEditorAssemblies (5ms)
				RefreshPlugins (8ms)
				BeforeProcessingInitializeOnLoad (861ms)
				ProcessInitializeOnLoadAttributes (2490ms)
				ProcessInitializeOnLoadMethodAttributes (276ms)
				AfterProcessingInitializeOnLoad (70ms)
				EditorAssembliesLoaded (2ms)
			ExecutionOrderSort2 (0ms)
			AwakeInstancesAfterBackupRestoration (58ms)
Platform modules already initialized, skipping
Refreshing native plugins compatible for Editor in 13.74 ms, found 9 plugins.
Preloading 0 native plugins for Editor in 0.00 ms.
Unloading 4362 Unused Serialized files (Serialized files now loaded: 0)
Unloading 37 unused Assets / (128.3 KB). Loaded Objects now: 4841.
Memory consumption went from 155.3 MB to 155.1 MB.
Total: 12.862300 ms (FindLiveObjects: 1.202000 ms CreateObjectMapping: 0.647800 ms MarkObjects: 10.596000 ms  DeleteObjects: 0.413400 ms)

AssetImportParameters requested are different than current active one (requested -> active):
  custom:video-decoder-ogg-theora: a1e56fd34408186e4bbccfd4996cb3dc -> 
  custom:container-muxer-webm: aa71ff27fc2769a1b78a27578f13a17b -> 
  custom:container-demuxer-webm: 4f35f7cbe854078d1ac9338744f61a02 -> 
  custom:video-encoder-webm-vp8: eb34c28f22e8b96e1ab97ce403110664 -> 
  custom:audio-encoder-webm-vorbis: bf7c407c2cedff20999df2af8eb42d56 -> 
  custom:framework-win-MediaFoundation: 216162199b28c13a410421893ffa2e32 -> 
  custom:container-demuxer-ogg: 62fdf1f143b41e24485cea50d1cbac27 -> 
  custom:video-decoder-webm-vp8: 9c59270c3fd7afecdb556c50c9e8de78 -> 
  custom:audio-decoder-ogg-vorbis: bf7c407c2cedff20999df2af8eb42d56 -> 
========================================================================
Received Prepare
Refreshing native plugins compatible for Editor in 17.37 ms, found 9 plugins.
Preloading 0 native plugins for Editor in 0.00 ms.
Unloading 37 Unused Serialized files (Serialized files now loaded: 0)
Unloading 37 unused Assets / (125.6 KB). Loaded Objects now: 4841.
Memory consumption went from 68.4 MB to 68.3 MB.
Total: 7.822200 ms (FindLiveObjects: 0.574900 ms CreateObjectMapping: 0.219600 ms MarkObjects: 6.805200 ms  DeleteObjects: 0.220500 ms)

AssetImportParameters requested are different than current active one (requested -> active):
  custom:video-decoder-ogg-theora: a1e56fd34408186e4bbccfd4996cb3dc -> 
  custom:container-muxer-webm: aa71ff27fc2769a1b78a27578f13a17b -> 
  custom:container-demuxer-webm: 4f35f7cbe854078d1ac9338744f61a02 -> 
  custom:video-encoder-webm-vp8: eb34c28f22e8b96e1ab97ce403110664 -> 
  custom:audio-encoder-webm-vorbis: bf7c407c2cedff20999df2af8eb42d56 -> 
  custom:framework-win-MediaFoundation: 216162199b28c13a410421893ffa2e32 -> 
  custom:container-demuxer-ogg: 62fdf1f143b41e24485cea50d1cbac27 -> 
  custom:video-decoder-webm-vp8: 9c59270c3fd7afecdb556c50c9e8de78 -> 
  custom:audio-decoder-ogg-vorbis: bf7c407c2cedff20999df2af8eb42d56 -> 
========================================================================
Received Prepare
Refreshing native plugins compatible for Editor in 28.10 ms, found 9 plugins.
Preloading 0 native plugins for Editor in 0.00 ms.
Unloading 37 Unused Serialized files (Serialized files now loaded: 0)
Unloading 37 unused Assets / (125.7 KB). Loaded Objects now: 4841.
Memory consumption went from 68.4 MB to 68.3 MB.
Total: 19.405300 ms (FindLiveObjects: 11.017000 ms CreateObjectMapping: 0.797300 ms MarkObjects: 6.681400 ms  DeleteObjects: 0.485300 ms)

AssetImportParameters requested are different than current active one (requested -> active):
  custom:video-decoder-ogg-theora: a1e56fd34408186e4bbccfd4996cb3dc -> 
  custom:container-muxer-webm: aa71ff27fc2769a1b78a27578f13a17b -> 
  custom:container-demuxer-webm: 4f35f7cbe854078d1ac9338744f61a02 -> 
  custom:video-encoder-webm-vp8: eb34c28f22e8b96e1ab97ce403110664 -> 
  custom:audio-encoder-webm-vorbis: bf7c407c2cedff20999df2af8eb42d56 -> 
  custom:framework-win-MediaFoundation: 216162199b28c13a410421893ffa2e32 -> 
  custom:container-demuxer-ogg: 62fdf1f143b41e24485cea50d1cbac27 -> 
  custom:video-decoder-webm-vp8: 9c59270c3fd7afecdb556c50c9e8de78 -> 
  custom:audio-decoder-ogg-vorbis: bf7c407c2cedff20999df2af8eb42d56 -> 
========================================================================
Received Prepare
Registering precompiled user dll's ...
Registered in 0.030916 seconds.
Begin MonoManager ReloadAssembly
Symbol file LoadedFromMemory doesn't match image C:\Users\Fen Lisesi\Desktop\KOC STAJ\YİLDİZ\Library\PackageCache\com.unity.visualscripting@1.7.6\Editor\VisualScripting.Core\Dependencies\DotNetZip\Unity.VisualScripting.IonicZip.dll
Symbol file LoadedFromMemory doesn't match image C:\Users\Fen Lisesi\Desktop\KOC STAJ\YİLDİZ\Library\PackageCache\com.unity.visualscripting@1.7.6\Editor\VisualScripting.Core\Dependencies\YamlDotNet\Unity.VisualScripting.YamlDotNet.dll
Symbol file LoadedFromMemory is not a mono symbol file
Native extension for WindowsStandalone target not found
Native extension for Android target not found
Refreshing native plugins compatible for Editor in 2.36 ms, found 9 plugins.
Preloading 0 native plugins for Editor in 0.00 ms.
Mono: successfully reloaded assembly
- Completed reload, in  4.595 seconds
Domain Reload Profiling:
	ReloadAssembly (4598ms)
		BeginReloadAssembly (548ms)
			ExecutionOrderSort (0ms)
			DisableScriptedObjects (21ms)
			BackupInstance (0ms)
			ReleaseScriptingObjects (0ms)
			CreateAndSetChildDomain (141ms)
		EndReloadAssembly (3608ms)
			LoadAssemblies (427ms)
			RebuildTransferFunctionScriptingTraits (0ms)
			SetupTypeCache (1223ms)
			ReleaseScriptCaches (3ms)
			RebuildScriptCaches (188ms)
			SetupLoadedEditorAssemblies (1618ms)
				LogAssemblyErrors (0ms)
				InitializePlatformSupportModulesInManaged (92ms)
				SetLoadedEditorAssemblies (2ms)
				RefreshPlugins (3ms)
				BeforeProcessingInitializeOnLoad (379ms)
				ProcessInitializeOnLoadAttributes (1008ms)
				ProcessInitializeOnLoadMethodAttributes (113ms)
				AfterProcessingInitializeOnLoad (21ms)
				EditorAssembliesLoaded (1ms)
			ExecutionOrderSort2 (0ms)
			AwakeInstancesAfterBackupRestoration (26ms)
Platform modules already initialized, skipping
Refreshing native plugins compatible for Editor in 15.47 ms, found 9 plugins.
Preloading 0 native plugins for Editor in 0.00 ms.
Unloading 4362 Unused Serialized files (Serialized files now loaded: 0)
Unloading 37 unused Assets / (128.2 KB). Loaded Objects now: 4845.
Memory consumption went from 155.2 MB to 155.1 MB.
Total: 11.523700 ms (FindLiveObjects: 0.716400 ms CreateObjectMapping: 0.587400 ms MarkObjects: 10.001400 ms  DeleteObjects: 0.214100 ms)

AssetImportParameters requested are different than current active one (requested -> active):
  custom:video-decoder-ogg-theora: a1e56fd34408186e4bbccfd4996cb3dc -> 
  custom:container-muxer-webm: aa71ff27fc2769a1b78a27578f13a17b -> 
  custom:container-demuxer-webm: 4f35f7cbe854078d1ac9338744f61a02 -> 
  custom:video-encoder-webm-vp8: eb34c28f22e8b96e1ab97ce403110664 -> 
  custom:audio-encoder-webm-vorbis: bf7c407c2cedff20999df2af8eb42d56 -> 
  custom:framework-win-MediaFoundation: 216162199b28c13a410421893ffa2e32 -> 
  custom:container-demuxer-ogg: 62fdf1f143b41e24485cea50d1cbac27 -> 
  custom:video-decoder-webm-vp8: 9c59270c3fd7afecdb556c50c9e8de78 -> 
  custom:audio-decoder-ogg-vorbis: bf7c407c2cedff20999df2af8eb42d56 -> 
========================================================================
Received Prepare
Refreshing native plugins compatible for Editor in 34.04 ms, found 9 plugins.
Preloading 0 native plugins for Editor in 0.00 ms.
Unloading 37 Unused Serialized files (Serialized files now loaded: 0)
Unloading 36 unused Assets / (193.9 KB). Loaded Objects now: 4846.
Memory consumption went from 68.4 MB to 68.2 MB.
Total: 29.024500 ms (FindLiveObjects: 0.863800 ms CreateObjectMapping: 0.478500 ms MarkObjects: 25.836400 ms  DeleteObjects: 1.843400 ms)

AssetImportParameters requested are different than current active one (requested -> active):
  custom:video-decoder-ogg-theora: a1e56fd34408186e4bbccfd4996cb3dc -> 
  custom:container-muxer-webm: aa71ff27fc2769a1b78a27578f13a17b -> 
  custom:container-demuxer-webm: 4f35f7cbe854078d1ac9338744f61a02 -> 
  custom:video-encoder-webm-vp8: eb34c28f22e8b96e1ab97ce403110664 -> 
  custom:audio-encoder-webm-vorbis: bf7c407c2cedff20999df2af8eb42d56 -> 
  custom:framework-win-MediaFoundation: 216162199b28c13a410421893ffa2e32 -> 
  custom:container-demuxer-ogg: 62fdf1f143b41e24485cea50d1cbac27 -> 
  custom:video-decoder-webm-vp8: 9c59270c3fd7afecdb556c50c9e8de78 -> 
  custom:audio-decoder-ogg-vorbis: bf7c407c2cedff20999df2af8eb42d56 -> 
========================================================================
Received Prepare
Refreshing native plugins compatible for Editor in 45.07 ms, found 9 plugins.
Preloading 0 native plugins for Editor in 0.00 ms.
Unloading 36 Unused Serialized files (Serialized files now loaded: 0)
Unloading 36 unused Assets / (108.6 KB). Loaded Objects now: 4846.
Memory consumption went from 68.3 MB to 68.2 MB.
Total: 12.871900 ms (FindLiveObjects: 0.667800 ms CreateObjectMapping: 0.657800 ms MarkObjects: 11.050800 ms  DeleteObjects: 0.491600 ms)

AssetImportParameters requested are different than current active one (requested -> active):
  custom:video-decoder-ogg-theora: a1e56fd34408186e4bbccfd4996cb3dc -> 
  custom:container-muxer-webm: aa71ff27fc2769a1b78a27578f13a17b -> 
  custom:container-demuxer-webm: 4f35f7cbe854078d1ac9338744f61a02 -> 
  custom:video-encoder-webm-vp8: eb34c28f22e8b96e1ab97ce403110664 -> 
  custom:audio-encoder-webm-vorbis: bf7c407c2cedff20999df2af8eb42d56 -> 
  custom:framework-win-MediaFoundation: 216162199b28c13a410421893ffa2e32 -> 
  custom:container-demuxer-ogg: 62fdf1f143b41e24485cea50d1cbac27 -> 
  custom:video-decoder-webm-vp8: 9c59270c3fd7afecdb556c50c9e8de78 -> 
  custom:audio-decoder-ogg-vorbis: bf7c407c2cedff20999df2af8eb42d56 -> 
========================================================================
Received Import Request.
  Time since last request: 2237.691098 seconds.
  path: Assets/Jewel Pack/Prefabs/Gems - Red/gem_02.prefab
  artifactKey: Guid(5afac5f23b1954bc49a29867076d017d) Importer(815301076,1909f56bfc062723c751e8b465ee728b)
Start importing Assets/Jewel Pack/Prefabs/Gems - Red/gem_02.prefab using Guid(5afac5f23b1954bc49a29867076d017d) Importer(815301076,1909f56bfc062723c751e8b465ee728b)  -> (artifact id: '7581a93fa860bd140840f01897c117c6') in 1.316057 seconds 
========================================================================
Received Import Request.
  Time since last request: 0.000959 seconds.
  path: Assets/Jewel Pack/Prefabs/Gems - Red/gem_15.prefab
  artifactKey: Guid(12363f225923640f0b3aa92406c6a1a7) Importer(815301076,1909f56bfc062723c751e8b465ee728b)
Start importing Assets/Jewel Pack/Prefabs/Gems - Red/gem_15.prefab using Guid(12363f225923640f0b3aa92406c6a1a7) Importer(815301076,1909f56bfc062723c751e8b465ee728b)  -> (artifact id: 'a167df527fcf077d424ca79ea71b9bd6') in 0.147920 seconds 
========================================================================
Received Import Request.
  Time since last request: 0.000085 seconds.
  path: Assets/Jewel Pack/Prefabs/Gems - Red/gem_11.prefab
  artifactKey: Guid(279c7e51281f445c39dba43e5c59d776) Importer(815301076,1909f56bfc062723c751e8b465ee728b)
Start importing Assets/Jewel Pack/Prefabs/Gems - Red/gem_11.prefab using Guid(279c7e51281f445c39dba43e5c59d776) Importer(815301076,1909f56bfc062723c751e8b465ee728b)  -> (artifact id: 'd87c1058b8d534f214108e6e7a5f6699') in 0.131737 seconds 
========================================================================
Received Import Request.
  Time since last request: 0.000073 seconds.
  path: Assets/Jewel Pack/Prefabs/Gems - Red/gem_12.prefab
  artifactKey: Guid(7b1074fc17636495ab9525934fd57e9c) Importer(815301076,1909f56bfc062723c751e8b465ee728b)
Start importing Assets/Jewel Pack/Prefabs/Gems - Red/gem_12.prefab using Guid(7b1074fc17636495ab9525934fd57e9c) Importer(815301076,1909f56bfc062723c751e8b465ee728b)  -> (artifact id: 'cd6739fe876bcacf1d9e266554c96ffc') in 0.137626 seconds 
========================================================================
Received Import Request.
  Time since last request: 0.000050 seconds.
  path: Assets/Jewel Pack/Prefabs/Gems - Red/gem_18.prefab
  artifactKey: Guid(666b183738d884820a8f09481e17a695) Importer(815301076,1909f56bfc062723c751e8b465ee728b)
Start importing Assets/Jewel Pack/Prefabs/Gems - Red/gem_18.prefab using Guid(666b183738d884820a8f09481e17a695) Importer(815301076,1909f56bfc062723c751e8b465ee728b)  -> (artifact id: 'c7bd9f39f11bbc8a9b88f1781b85bc39') in 0.133420 seconds 
========================================================================
Received Import Request.
  Time since last request: 0.000082 seconds.
  path: Assets/Jewel Pack/Prefabs/Gems - Red/gem_05.prefab
  artifactKey: Guid(86854b4af1632486587f7309187a3798) Importer(815301076,1909f56bfc062723c751e8b465ee728b)
Start importing Assets/Jewel Pack/Prefabs/Gems - Red/gem_05.prefab using Guid(86854b4af1632486587f7309187a3798) Importer(815301076,1909f56bfc062723c751e8b465ee728b)  -> (artifact id: 'b58eb04d38ff5eb27496033560c932a7') in 0.147673 seconds 
========================================================================
Received Import Request.
  Time since last request: 0.000062 seconds.
  path: Assets/Jewel Pack/Prefabs/Gems - Red/gem_16.prefab
  artifactKey: Guid(3a6cd70afe3994b029620c71204033a4) Importer(815301076,1909f56bfc062723c751e8b465ee728b)
Start importing Assets/Jewel Pack/Prefabs/Gems - Red/gem_16.prefab using Guid(3a6cd70afe3994b029620c71204033a4) Importer(815301076,1909f56bfc062723c751e8b465ee728b)  -> (artifact id: '03539248dbe65034a2af94db3ad77b3d') in 0.166726 seconds 
========================================================================
Received Import Request.
  Time since last request: 0.000086 seconds.
  path: Assets/Jewel Pack/Prefabs/Gems - Red/gem_03.prefab
  artifactKey: Guid(715a2cd91c2bf4451a7115ba41e3e0b8) Importer(815301076,1909f56bfc062723c751e8b465ee728b)
Start importing Assets/Jewel Pack/Prefabs/Gems - Red/gem_03.prefab using Guid(715a2cd91c2bf4451a7115ba41e3e0b8) Importer(815301076,1909f56bfc062723c751e8b465ee728b)  -> (artifact id: 'ae4c86b03d0ce30a462e3a30ca3466c9') in 0.151758 seconds 
========================================================================
Received Import Request.
  Time since last request: 0.000073 seconds.
  path: Assets/Jewel Pack/Prefabs/Gems - Red/gem_10.prefab
  artifactKey: Guid(5d3b070e9f8004a7cadc01b0fd81ed35) Importer(815301076,1909f56bfc062723c751e8b465ee728b)
Start importing Assets/Jewel Pack/Prefabs/Gems - Red/gem_10.prefab using Guid(5d3b070e9f8004a7cadc01b0fd81ed35) Importer(815301076,1909f56bfc062723c751e8b465ee728b)  -> (artifact id: '78af435bcd97e91d9dec98850f343564') in 0.169554 seconds 
========================================================================
Received Import Request.
  Time since last request: 3.604830 seconds.
  path: Assets/Jewel Pack/Models/gem_01.fbx
  artifactKey: Guid(9cb17b9b14f7744f198fc9b36e9214ff) Importer(815301076,1909f56bfc062723c751e8b465ee728b)
Start importing Assets/Jewel Pack/Models/gem_01.fbx using Guid(9cb17b9b14f7744f198fc9b36e9214ff) Importer(815301076,1909f56bfc062723c751e8b465ee728b)  -> (artifact id: '03ee78e8336e0119a6e5882d3ae34ef8') in 0.962052 seconds 
========================================================================
Received Import Request.
  Time since last request: 0.000065 seconds.
  path: Assets/Jewel Pack/Models/gem_04.fbx
  artifactKey: Guid(12749e99d620c4aa0923fe97ba0de20c) Importer(815301076,1909f56bfc062723c751e8b465ee728b)
Start importing Assets/Jewel Pack/Models/gem_04.fbx using Guid(12749e99d620c4aa0923fe97ba0de20c) Importer(815301076,1909f56bfc062723c751e8b465ee728b)  -> (artifact id: 'a6001ab36c37a7cc35808ca6eef8f628') in 0.098123 seconds 
========================================================================
Received Import Request.
  Time since last request: 0.000141 seconds.
  path: Assets/Jewel Pack/Models/gem_13.fbx
  artifactKey: Guid(e53910dd9ff52433db8fc7f84a2318bb) Importer(815301076,1909f56bfc062723c751e8b465ee728b)
Start importing Assets/Jewel Pack/Models/gem_13.fbx using Guid(e53910dd9ff52433db8fc7f84a2318bb) Importer(815301076,1909f56bfc062723c751e8b465ee728b)  -> (artifact id: 'cd2e6bf5fa6594bffa7d1a8818593c56') in 0.081013 seconds 
========================================================================
Received Import Request.
  Time since last request: 0.000058 seconds.
  path: Assets/Jewel Pack/Models/gem_05.fbx
  artifactKey: Guid(e4d834433e5484c9d905fcd6b6a273e6) Importer(815301076,1909f56bfc062723c751e8b465ee728b)
Start importing Assets/Jewel Pack/Models/gem_05.fbx using Guid(e4d834433e5484c9d905fcd6b6a273e6) Importer(815301076,1909f56bfc062723c751e8b465ee728b)  -> (artifact id: 'e1469a7116b3829bd78c5c290f0d740e') in 0.098714 seconds 
========================================================================
Received Import Request.
  Time since last request: 0.000072 seconds.
  path: Assets/Jewel Pack/Models/gem_07.fbx
  artifactKey: Guid(04a69148d0283440c96e0a776ed3bf53) Importer(815301076,1909f56bfc062723c751e8b465ee728b)
Start importing Assets/Jewel Pack/Models/gem_07.fbx using Guid(04a69148d0283440c96e0a776ed3bf53) Importer(815301076,1909f56bfc062723c751e8b465ee728b)  -> (artifact id: '582e8c1af58ba67973f1672541ae2ba5') in 0.089146 seconds 
========================================================================
Received Import Request.
  Time since last request: 0.000065 seconds.
  path: Assets/Jewel Pack/Models/gem_03.fbx
  artifactKey: Guid(068ee53e4d6204ab6a2d66eed454ab2f) Importer(815301076,1909f56bfc062723c751e8b465ee728b)
Start importing Assets/Jewel Pack/Models/gem_03.fbx using Guid(068ee53e4d6204ab6a2d66eed454ab2f) Importer(815301076,1909f56bfc062723c751e8b465ee728b)  -> (artifact id: 'b8fc00778ced0d52e1071ac043684065') in 0.113500 seconds 
========================================================================
Received Import Request.
  Time since last request: 0.000103 seconds.
  path: Assets/Jewel Pack/Models/gem_18.fbx
  artifactKey: Guid(3acf788bba5a44ee9b7ce0e1d977718a) Importer(815301076,1909f56bfc062723c751e8b465ee728b)
Start importing Assets/Jewel Pack/Models/gem_18.fbx using Guid(3acf788bba5a44ee9b7ce0e1d977718a) Importer(815301076,1909f56bfc062723c751e8b465ee728b)  -> (artifact id: '65840d349892858c2a37497c7e320937') in 0.091959 seconds 
========================================================================
Received Import Request.
  Time since last request: 0.000056 seconds.
  path: Assets/Jewel Pack/Models/gem_09.fbx
  artifactKey: Guid(38fdc821203fd47e7b2ba56ea4a32e16) Importer(815301076,1909f56bfc062723c751e8b465ee728b)
Start importing Assets/Jewel Pack/Models/gem_09.fbx using Guid(38fdc821203fd47e7b2ba56ea4a32e16) Importer(815301076,1909f56bfc062723c751e8b465ee728b)  -> (artifact id: 'ae911e47354d3c68199eacd09359bbb1') in 0.098308 seconds 
========================================================================
Received Import Request.
  Time since last request: 0.000092 seconds.
  path: Assets/Jewel Pack/Models/gem_10.fbx
  artifactKey: Guid(e42e76fa501384474973c559bf5d9fb4) Importer(815301076,1909f56bfc062723c751e8b465ee728b)
Start importing Assets/Jewel Pack/Models/gem_10.fbx using Guid(e42e76fa501384474973c559bf5d9fb4) Importer(815301076,1909f56bfc062723c751e8b465ee728b)  -> (artifact id: 'ad6bbd306d030f44941dba0d48e47a6c') in 0.077371 seconds 
========================================================================
Received Import Request.
  Time since last request: 73.067925 seconds.
  path: Assets/Jewel Pack/Materials/gem - blue.mat
  artifactKey: Guid(7d807874cefc948c8858f97222932cca) Importer(815301076,1909f56bfc062723c751e8b465ee728b)
Start importing Assets/Jewel Pack/Materials/gem - blue.mat using Guid(7d807874cefc948c8858f97222932cca) Importer(815301076,1909f56bfc062723c751e8b465ee728b)  -> (artifact id: '439749606f4172991d35b830df7327b5') in 0.548969 seconds 
========================================================================
Received Import Request.
  Time since last request: 0.000067 seconds.
  path: Assets/Jewel Pack/Materials/gem - pink.mat
  artifactKey: Guid(5d1489eaf7db44f7e843af34cc2072ae) Importer(815301076,1909f56bfc062723c751e8b465ee728b)
Start importing Assets/Jewel Pack/Materials/gem - pink.mat using Guid(5d1489eaf7db44f7e843af34cc2072ae) Importer(815301076,1909f56bfc062723c751e8b465ee728b)  -> (artifact id: '5a1eb232f645b80c12b472262a17e32f') in 0.107476 seconds 
========================================================================
Received Import Request.
  Time since last request: 0.000049 seconds.
  path: Assets/Jewel Pack/Materials/gem - purple.mat
  artifactKey: Guid(4420954b0b3b541deaef8714e66582eb) Importer(815301076,1909f56bfc062723c751e8b465ee728b)
Start importing Assets/Jewel Pack/Materials/gem - purple.mat using Guid(4420954b0b3b541deaef8714e66582eb) Importer(815301076,1909f56bfc062723c751e8b465ee728b)  -> (artifact id: 'bd55d0fd947dd18251506b90c5927341') in 0.107997 seconds 
========================================================================
Received Import Request.
  Time since last request: 0.000067 seconds.
  path: Assets/Jewel Pack/Materials/gem - crystal.mat
  artifactKey: Guid(a722d2c65daf14061810b5a413fc208e) Importer(815301076,1909f56bfc062723c751e8b465ee728b)
Start importing Assets/Jewel Pack/Materials/gem - crystal.mat using Guid(a722d2c65daf14061810b5a413fc208e) Importer(815301076,1909f56bfc062723c751e8b465ee728b)  -> (artifact id: 'b97f56c89ccc5ab5d661a16f607dd0d4') in 0.097848 seconds 
========================================================================
Received Import Request.
  Time since last request: 0.000205 seconds.
  path: Assets/Jewel Pack/Materials/gem - rose.mat
  artifactKey: Guid(294fc0a1b9b60485985b62b6aecf5dce) Importer(815301076,1909f56bfc062723c751e8b465ee728b)
Start importing Assets/Jewel Pack/Materials/gem - rose.mat using Guid(294fc0a1b9b60485985b62b6aecf5dce) Importer(815301076,1909f56bfc062723c751e8b465ee728b)  -> (artifact id: 'c8cd19f8849389d9157bb984be09c7e7') in 0.112311 seconds 
========================================================================
Received Import Request.
  Time since last request: 0.000100 seconds.
  path: Assets/Jewel Pack/Materials/gem - yellow.mat
  artifactKey: Guid(1549bf01482b547159fa92e4f95bff12) Importer(815301076,1909f56bfc062723c751e8b465ee728b)
Start importing Assets/Jewel Pack/Materials/gem - yellow.mat using Guid(1549bf01482b547159fa92e4f95bff12) Importer(815301076,1909f56bfc062723c751e8b465ee728b)  -> (artifact id: 'f71b11091d9d9574424b7e156dedde11') in 0.153369 seconds 
========================================================================
Received Prepare
Registering precompiled user dll's ...
Registered in 0.026488 seconds.
Begin MonoManager ReloadAssembly
Symbol file LoadedFromMemory doesn't match image C:\Users\Fen Lisesi\Desktop\KOC STAJ\YİLDİZ\Library\PackageCache\com.unity.visualscripting@1.7.6\Editor\VisualScripting.Core\Dependencies\DotNetZip\Unity.VisualScripting.IonicZip.dll
Symbol file LoadedFromMemory doesn't match image C:\Users\Fen Lisesi\Desktop\KOC STAJ\YİLDİZ\Library\PackageCache\com.unity.visualscripting@1.7.6\Editor\VisualScripting.Core\Dependencies\YamlDotNet\Unity.VisualScripting.YamlDotNet.dll
Symbol file LoadedFromMemory is not a mono symbol file
Native extension for WindowsStandalone target not found
Native extension for Android target not found
Refreshing native plugins compatible for Editor in 6.87 ms, found 9 plugins.
Preloading 0 native plugins for Editor in 0.00 ms.
Mono: successfully reloaded assembly
- Completed reload, in  7.064 seconds
Domain Reload Profiling:
	ReloadAssembly (7069ms)
		BeginReloadAssembly (1553ms)
			ExecutionOrderSort (0ms)
			DisableScriptedObjects (39ms)
			BackupInstance (0ms)
			ReleaseScriptingObjects (0ms)
			CreateAndSetChildDomain (595ms)
		EndReloadAssembly (5014ms)
			LoadAssemblies (868ms)
			RebuildTransferFunctionScriptingTraits (0ms)
			SetupTypeCache (1749ms)
			ReleaseScriptCaches (10ms)
			RebuildScriptCaches (288ms)
			SetupLoadedEditorAssemblies (2005ms)
				LogAssemblyErrors (0ms)
				InitializePlatformSupportModulesInManaged (120ms)
				SetLoadedEditorAssemblies (3ms)
				RefreshPlugins (7ms)
				BeforeProcessingInitializeOnLoad (434ms)
				ProcessInitializeOnLoadAttributes (1264ms)
				ProcessInitializeOnLoadMethodAttributes (147ms)
				AfterProcessingInitializeOnLoad (27ms)
				EditorAssembliesLoaded (2ms)
			ExecutionOrderSort2 (0ms)
			AwakeInstancesAfterBackupRestoration (25ms)
Platform modules already initialized, skipping
Refreshing native plugins compatible for Editor in 27.59 ms, found 9 plugins.
Preloading 0 native plugins for Editor in 0.00 ms.
Unloading 4361 Unused Serialized files (Serialized files now loaded: 0)
Unloading 36 unused Assets / (111.5 KB). Loaded Objects now: 4887.
Memory consumption went from 155.6 MB to 155.5 MB.
Total: 12.865100 ms (FindLiveObjects: 0.747800 ms CreateObjectMapping: 0.469200 ms MarkObjects: 11.310500 ms  DeleteObjects: 0.333800 ms)

AssetImportParameters requested are different than current active one (requested -> active):
  custom:video-decoder-ogg-theora: a1e56fd34408186e4bbccfd4996cb3dc -> 
  custom:container-muxer-webm: aa71ff27fc2769a1b78a27578f13a17b -> 
  custom:container-demuxer-webm: 4f35f7cbe854078d1ac9338744f61a02 -> 
  custom:video-encoder-webm-vp8: eb34c28f22e8b96e1ab97ce403110664 -> 
  custom:audio-encoder-webm-vorbis: bf7c407c2cedff20999df2af8eb42d56 -> 
  custom:framework-win-MediaFoundation: 216162199b28c13a410421893ffa2e32 -> 
  custom:container-demuxer-ogg: 62fdf1f143b41e24485cea50d1cbac27 -> 
  custom:video-decoder-webm-vp8: 9c59270c3fd7afecdb556c50c9e8de78 -> 
  custom:audio-decoder-ogg-vorbis: bf7c407c2cedff20999df2af8eb42d56 -> 
